{"/home/cam/play/codejam/manifest/src/core/EntityManager.js": {"path":"/home/cam/play/codejam/manifest/src/core/EntityManager.js","statementMap":{"0":{"start":{"line":3,"column":4},"end":{"line":3,"column":31}},"1":{"start":{"line":4,"column":4},"end":{"line":4,"column":39}},"2":{"start":{"line":8,"column":4},"end":{"line":8,"column":55}},"3":{"start":{"line":12,"column":21},"end":{"line":12,"column":50}},"4":{"start":{"line":13,"column":4},"end":{"line":13,"column":46}},"5":{"start":{"line":14,"column":4},"end":{"line":14,"column":20}},"6":{"start":{"line":18,"column":4},"end":{"line":18,"column":63}},"7":{"start":{"line":18,"column":49},"end":{"line":18,"column":62}},"8":{"start":{"line":21,"column":4},"end":{"line":25,"column":5}},"9":{"start":{"line":22,"column":6},"end":{"line":24,"column":7}},"10":{"start":{"line":23,"column":8},"end":{"line":23,"column":42}},"11":{"start":{"line":27,"column":4},"end":{"line":27,"column":45}},"12":{"start":{"line":28,"column":4},"end":{"line":28,"column":16}},"13":{"start":{"line":32,"column":4},"end":{"line":32,"column":63}},"14":{"start":{"line":32,"column":49},"end":{"line":32,"column":62}},"15":{"start":{"line":33,"column":4},"end":{"line":36,"column":5}},"16":{"start":{"line":34,"column":6},"end":{"line":34,"column":77}},"17":{"start":{"line":35,"column":6},"end":{"line":35,"column":19}},"18":{"start":{"line":38,"column":20},"end":{"line":38,"column":61}},"19":{"start":{"line":39,"column":4},"end":{"line":39,"column":50}},"20":{"start":{"line":41,"column":19},"end":{"line":41,"column":56}},"21":{"start":{"line":42,"column":4},"end":{"line":42,"column":33}},"22":{"start":{"line":44,"column":4},"end":{"line":44,"column":16}},"23":{"start":{"line":48,"column":4},"end":{"line":48,"column":63}},"24":{"start":{"line":48,"column":49},"end":{"line":48,"column":62}},"25":{"start":{"line":49,"column":4},"end":{"line":49,"column":67}},"26":{"start":{"line":49,"column":53},"end":{"line":49,"column":66}},"27":{"start":{"line":51,"column":20},"end":{"line":51,"column":61}},"28":{"start":{"line":52,"column":4},"end":{"line":52,"column":56}},"29":{"start":{"line":52,"column":42},"end":{"line":52,"column":55}},"30":{"start":{"line":54,"column":4},"end":{"line":54,"column":38}},"31":{"start":{"line":56,"column":19},"end":{"line":56,"column":56}},"32":{"start":{"line":57,"column":4},"end":{"line":57,"column":33}},"33":{"start":{"line":59,"column":4},"end":{"line":59,"column":16}},"34":{"start":{"line":63,"column":4},"end":{"line":63,"column":62}},"35":{"start":{"line":63,"column":49},"end":{"line":63,"column":61}},"36":{"start":{"line":64,"column":4},"end":{"line":64,"column":66}},"37":{"start":{"line":64,"column":53},"end":{"line":64,"column":65}},"38":{"start":{"line":66,"column":20},"end":{"line":66,"column":61}},"39":{"start":{"line":67,"column":4},"end":{"line":67,"column":42}},"40":{"start":{"line":71,"column":4},"end":{"line":71,"column":63}},"41":{"start":{"line":71,"column":49},"end":{"line":71,"column":62}},"42":{"start":{"line":72,"column":4},"end":{"line":72,"column":67}},"43":{"start":{"line":72,"column":53},"end":{"line":72,"column":66}},"44":{"start":{"line":74,"column":20},"end":{"line":74,"column":61}},"45":{"start":{"line":75,"column":4},"end":{"line":75,"column":42}}},"fnMap":{"0":{"name":"(anonymous_0)","decl":{"start":{"line":2,"column":2},"end":{"line":2,"column":3}},"loc":{"start":{"line":2,"column":25},"end":{"line":5,"column":3}},"line":2},"1":{"name":"(anonymous_1)","decl":{"start":{"line":7,"column":2},"end":{"line":7,"column":3}},"loc":{"start":{"line":7,"column":51},"end":{"line":9,"column":3}},"line":7},"2":{"name":"(anonymous_2)","decl":{"start":{"line":11,"column":2},"end":{"line":11,"column":3}},"loc":{"start":{"line":11,"column":17},"end":{"line":15,"column":3}},"line":11},"3":{"name":"(anonymous_3)","decl":{"start":{"line":17,"column":2},"end":{"line":17,"column":3}},"loc":{"start":{"line":17,"column":25},"end":{"line":29,"column":3}},"line":17},"4":{"name":"(anonymous_4)","decl":{"start":{"line":31,"column":2},"end":{"line":31,"column":3}},"loc":{"start":{"line":31,"column":55},"end":{"line":45,"column":3}},"line":31},"5":{"name":"(anonymous_5)","decl":{"start":{"line":47,"column":2},"end":{"line":47,"column":3}},"loc":{"start":{"line":47,"column":43},"end":{"line":60,"column":3}},"line":47},"6":{"name":"(anonymous_6)","decl":{"start":{"line":62,"column":2},"end":{"line":62,"column":3}},"loc":{"start":{"line":62,"column":40},"end":{"line":68,"column":3}},"line":62},"7":{"name":"(anonymous_7)","decl":{"start":{"line":70,"column":2},"end":{"line":70,"column":3}},"loc":{"start":{"line":70,"column":40},"end":{"line":76,"column":3}},"line":70}},"branchMap":{"0":{"loc":{"start":{"line":18,"column":4},"end":{"line":18,"column":63}},"type":"if","locations":[{"start":{"line":18,"column":4},"end":{"line":18,"column":63}},{"start":{},"end":{}}],"line":18},"1":{"loc":{"start":{"line":22,"column":6},"end":{"line":24,"column":7}},"type":"if","locations":[{"start":{"line":22,"column":6},"end":{"line":24,"column":7}},{"start":{},"end":{}}],"line":22},"2":{"loc":{"start":{"line":32,"column":4},"end":{"line":32,"column":63}},"type":"if","locations":[{"start":{"line":32,"column":4},"end":{"line":32,"column":63}},{"start":{},"end":{}}],"line":32},"3":{"loc":{"start":{"line":33,"column":4},"end":{"line":36,"column":5}},"type":"if","locations":[{"start":{"line":33,"column":4},"end":{"line":36,"column":5}},{"start":{},"end":{}}],"line":33},"4":{"loc":{"start":{"line":48,"column":4},"end":{"line":48,"column":63}},"type":"if","locations":[{"start":{"line":48,"column":4},"end":{"line":48,"column":63}},{"start":{},"end":{}}],"line":48},"5":{"loc":{"start":{"line":49,"column":4},"end":{"line":49,"column":67}},"type":"if","locations":[{"start":{"line":49,"column":4},"end":{"line":49,"column":67}},{"start":{},"end":{}}],"line":49},"6":{"loc":{"start":{"line":52,"column":4},"end":{"line":52,"column":56}},"type":"if","locations":[{"start":{"line":52,"column":4},"end":{"line":52,"column":56}},{"start":{},"end":{}}],"line":52},"7":{"loc":{"start":{"line":63,"column":4},"end":{"line":63,"column":62}},"type":"if","locations":[{"start":{"line":63,"column":4},"end":{"line":63,"column":62}},{"start":{},"end":{}}],"line":63},"8":{"loc":{"start":{"line":64,"column":4},"end":{"line":64,"column":66}},"type":"if","locations":[{"start":{"line":64,"column":4},"end":{"line":64,"column":66}},{"start":{},"end":{}}],"line":64},"9":{"loc":{"start":{"line":71,"column":4},"end":{"line":71,"column":63}},"type":"if","locations":[{"start":{"line":71,"column":4},"end":{"line":71,"column":63}},{"start":{},"end":{}}],"line":71},"10":{"loc":{"start":{"line":72,"column":4},"end":{"line":72,"column":67}},"type":"if","locations":[{"start":{"line":72,"column":4},"end":{"line":72,"column":67}},{"start":{},"end":{}}],"line":72}},"s":{"0":19,"1":19,"2":43,"3":15,"4":15,"5":15,"6":3,"7":1,"8":2,"9":5,"10":5,"11":2,"12":2,"13":21,"14":1,"15":20,"16":1,"17":1,"18":19,"19":19,"20":19,"21":19,"22":19,"23":3,"24":1,"25":2,"26":1,"27":1,"28":1,"29":0,"30":1,"31":1,"32":1,"33":1,"34":12,"35":2,"36":10,"37":1,"38":9,"39":9,"40":18,"41":4,"42":14,"43":0,"44":14,"45":14},"f":{"0":19,"1":43,"2":15,"3":3,"4":21,"5":3,"6":12,"7":18},"b":{"0":[1,2],"1":[5,0],"2":[1,20],"3":[1,19],"4":[1,2],"5":[1,1],"6":[0,1],"7":[2,10],"8":[1,9],"9":[4,14],"10":[0,14]},"_coverageSchema":"1a1c01bbd47fc00a2c39e90264f33305004495a9","hash":"12b615cdce83083543253ba037685b261aec68f7"}
,"/home/cam/play/codejam/manifest/src/core/GameLoop.js": {"path":"/home/cam/play/codejam/manifest/src/core/GameLoop.js","statementMap":{"0":{"start":{"line":3,"column":4},"end":{"line":3,"column":41}},"1":{"start":{"line":4,"column":4},"end":{"line":4,"column":41}},"2":{"start":{"line":5,"column":4},"end":{"line":5,"column":25}},"3":{"start":{"line":6,"column":4},"end":{"line":6,"column":27}},"4":{"start":{"line":10,"column":4},"end":{"line":14,"column":5}},"5":{"start":{"line":11,"column":6},"end":{"line":11,"column":26}},"6":{"start":{"line":12,"column":6},"end":{"line":12,"column":45}},"7":{"start":{"line":13,"column":6},"end":{"line":13,"column":50}},"8":{"start":{"line":18,"column":4},"end":{"line":18,"column":25}},"9":{"start":{"line":22,"column":4},"end":{"line":22,"column":32}},"10":{"start":{"line":22,"column":24},"end":{"line":22,"column":31}},"11":{"start":{"line":24,"column":22},"end":{"line":24,"column":61}},"12":{"start":{"line":25,"column":4},"end":{"line":25,"column":35}},"13":{"start":{"line":27,"column":4},"end":{"line":27,"column":35}},"14":{"start":{"line":28,"column":4},"end":{"line":28,"column":35}},"15":{"start":{"line":30,"column":4},"end":{"line":30,"column":48}}},"fnMap":{"0":{"name":"(anonymous_0)","decl":{"start":{"line":2,"column":2},"end":{"line":2,"column":3}},"loc":{"start":{"line":2,"column":46},"end":{"line":7,"column":3}},"line":2},"1":{"name":"(anonymous_1)","decl":{"start":{"line":9,"column":2},"end":{"line":9,"column":3}},"loc":{"start":{"line":9,"column":10},"end":{"line":15,"column":3}},"line":9},"2":{"name":"(anonymous_2)","decl":{"start":{"line":17,"column":2},"end":{"line":17,"column":3}},"loc":{"start":{"line":17,"column":9},"end":{"line":19,"column":3}},"line":17},"3":{"name":"(anonymous_3)","decl":{"start":{"line":21,"column":2},"end":{"line":21,"column":3}},"loc":{"start":{"line":21,"column":18},"end":{"line":31,"column":3}},"line":21}},"branchMap":{"0":{"loc":{"start":{"line":10,"column":4},"end":{"line":14,"column":5}},"type":"if","locations":[{"start":{"line":10,"column":4},"end":{"line":14,"column":5}},{"start":{},"end":{}}],"line":10},"1":{"loc":{"start":{"line":22,"column":4},"end":{"line":22,"column":32}},"type":"if","locations":[{"start":{"line":22,"column":4},"end":{"line":22,"column":32}},{"start":{},"end":{}}],"line":22}},"s":{"0":6,"1":6,"2":6,"3":6,"4":3,"5":2,"6":2,"7":2,"8":1,"9":16,"10":2,"11":14,"12":14,"13":14,"14":14,"15":14},"f":{"0":6,"1":3,"2":1,"3":16},"b":{"0":[2,1],"1":[2,14]},"_coverageSchema":"1a1c01bbd47fc00a2c39e90264f33305004495a9","hash":"20fe94ee1a57f7a6748526aad597215c7c7f61fa"}
,"/home/cam/play/codejam/manifest/src/core/GameState.js": {"path":"/home/cam/play/codejam/manifest/src/core/GameState.js","statementMap":{"0":{"start":{"line":3,"column":4},"end":{"line":3,"column":30}},"1":{"start":{"line":4,"column":4},"end":{"line":4,"column":26}},"2":{"start":{"line":5,"column":4},"end":{"line":5,"column":51}},"3":{"start":{"line":6,"column":4},"end":{"line":6,"column":22}},"4":{"start":{"line":7,"column":4},"end":{"line":7,"column":27}},"5":{"start":{"line":11,"column":4},"end":{"line":11,"column":31}},"6":{"start":{"line":15,"column":4},"end":{"line":22,"column":6}},"7":{"start":{"line":26,"column":4},"end":{"line":26,"column":43}},"8":{"start":{"line":27,"column":4},"end":{"line":27,"column":42}},"9":{"start":{"line":28,"column":4},"end":{"line":28,"column":55}},"10":{"start":{"line":29,"column":4},"end":{"line":29,"column":34}},"11":{"start":{"line":30,"column":4},"end":{"line":30,"column":32}}},"fnMap":{"0":{"name":"(anonymous_0)","decl":{"start":{"line":2,"column":2},"end":{"line":2,"column":3}},"loc":{"start":{"line":2,"column":16},"end":{"line":8,"column":3}},"line":2},"1":{"name":"(anonymous_1)","decl":{"start":{"line":10,"column":2},"end":{"line":10,"column":3}},"loc":{"start":{"line":10,"column":20},"end":{"line":12,"column":3}},"line":10},"2":{"name":"(anonymous_2)","decl":{"start":{"line":14,"column":2},"end":{"line":14,"column":3}},"loc":{"start":{"line":14,"column":14},"end":{"line":23,"column":3}},"line":14},"3":{"name":"(anonymous_3)","decl":{"start":{"line":25,"column":2},"end":{"line":25,"column":3}},"loc":{"start":{"line":25,"column":20},"end":{"line":31,"column":3}},"line":25}},"branchMap":{},"s":{"0":27,"1":27,"2":27,"3":27,"4":27,"5":1,"6":2,"7":2,"8":2,"9":2,"10":2,"11":2},"f":{"0":27,"1":1,"2":2,"3":2},"b":{},"_coverageSchema":"1a1c01bbd47fc00a2c39e90264f33305004495a9","hash":"fc8fe6920e93b89b60b1cf4353ca0f0876698f3e"}
,"/home/cam/play/codejam/manifest/src/core/SaveSystem.js": {"path":"/home/cam/play/codejam/manifest/src/core/SaveSystem.js","statementMap":{"0":{"start":{"line":3,"column":4},"end":{"line":3,"column":33}},"1":{"start":{"line":4,"column":4},"end":{"line":4,"column":29}},"2":{"start":{"line":5,"column":4},"end":{"line":5,"column":19}},"3":{"start":{"line":6,"column":4},"end":{"line":6,"column":22}},"4":{"start":{"line":10,"column":4},"end":{"line":29,"column":7}},"5":{"start":{"line":11,"column":22},"end":{"line":11,"column":52}},"6":{"start":{"line":13,"column":6},"end":{"line":18,"column":8}},"7":{"start":{"line":14,"column":19},"end":{"line":14,"column":38}},"8":{"start":{"line":15,"column":8},"end":{"line":17,"column":9}},"9":{"start":{"line":16,"column":10},"end":{"line":16,"column":66}},"10":{"start":{"line":20,"column":6},"end":{"line":23,"column":8}},"11":{"start":{"line":21,"column":8},"end":{"line":21,"column":38}},"12":{"start":{"line":22,"column":8},"end":{"line":22,"column":18}},"13":{"start":{"line":25,"column":6},"end":{"line":28,"column":8}},"14":{"start":{"line":26,"column":8},"end":{"line":26,"column":70}},"15":{"start":{"line":27,"column":8},"end":{"line":27,"column":35}},"16":{"start":{"line":33,"column":4},"end":{"line":33,"column":44}},"17":{"start":{"line":33,"column":19},"end":{"line":33,"column":43}},"18":{"start":{"line":35,"column":21},"end":{"line":41,"column":5}},"19":{"start":{"line":43,"column":4},"end":{"line":53,"column":7}},"20":{"start":{"line":44,"column":26},"end":{"line":44,"column":76}},"21":{"start":{"line":45,"column":20},"end":{"line":45,"column":59}},"22":{"start":{"line":46,"column":22},"end":{"line":46,"column":41}},"23":{"start":{"line":48,"column":6},"end":{"line":48,"column":53}},"24":{"start":{"line":48,"column":32},"end":{"line":48,"column":52}},"25":{"start":{"line":49,"column":6},"end":{"line":52,"column":8}},"26":{"start":{"line":50,"column":8},"end":{"line":50,"column":64}},"27":{"start":{"line":51,"column":8},"end":{"line":51,"column":35}},"28":{"start":{"line":57,"column":4},"end":{"line":57,"column":44}},"29":{"start":{"line":57,"column":19},"end":{"line":57,"column":43}},"30":{"start":{"line":59,"column":4},"end":{"line":76,"column":7}},"31":{"start":{"line":60,"column":26},"end":{"line":60,"column":75}},"32":{"start":{"line":61,"column":20},"end":{"line":61,"column":59}},"33":{"start":{"line":62,"column":22},"end":{"line":62,"column":39}},"34":{"start":{"line":64,"column":6},"end":{"line":70,"column":8}},"35":{"start":{"line":65,"column":8},"end":{"line":69,"column":9}},"36":{"start":{"line":66,"column":10},"end":{"line":66,"column":44}},"37":{"start":{"line":68,"column":10},"end":{"line":68,"column":56}},"38":{"start":{"line":72,"column":6},"end":{"line":75,"column":8}},"39":{"start":{"line":73,"column":8},"end":{"line":73,"column":65}},"40":{"start":{"line":74,"column":8},"end":{"line":74,"column":35}},"41":{"start":{"line":80,"column":4},"end":{"line":80,"column":44}},"42":{"start":{"line":80,"column":19},"end":{"line":80,"column":43}},"43":{"start":{"line":82,"column":4},"end":{"line":101,"column":7}},"44":{"start":{"line":83,"column":26},"end":{"line":83,"column":75}},"45":{"start":{"line":84,"column":20},"end":{"line":84,"column":59}},"46":{"start":{"line":85,"column":22},"end":{"line":85,"column":36}},"47":{"start":{"line":87,"column":6},"end":{"line":95,"column":8}},"48":{"start":{"line":88,"column":22},"end":{"line":93,"column":11}},"49":{"start":{"line":88,"column":55},"end":{"line":93,"column":9}},"50":{"start":{"line":94,"column":8},"end":{"line":94,"column":23}},"51":{"start":{"line":97,"column":6},"end":{"line":100,"column":8}},"52":{"start":{"line":98,"column":8},"end":{"line":98,"column":70}},"53":{"start":{"line":99,"column":8},"end":{"line":99,"column":35}},"54":{"start":{"line":105,"column":4},"end":{"line":105,"column":44}},"55":{"start":{"line":105,"column":19},"end":{"line":105,"column":43}},"56":{"start":{"line":107,"column":4},"end":{"line":117,"column":7}},"57":{"start":{"line":108,"column":26},"end":{"line":108,"column":76}},"58":{"start":{"line":109,"column":20},"end":{"line":109,"column":59}},"59":{"start":{"line":110,"column":22},"end":{"line":110,"column":42}},"60":{"start":{"line":112,"column":6},"end":{"line":112,"column":42}},"61":{"start":{"line":112,"column":32},"end":{"line":112,"column":41}},"62":{"start":{"line":113,"column":6},"end":{"line":116,"column":8}},"63":{"start":{"line":114,"column":8},"end":{"line":114,"column":66}},"64":{"start":{"line":115,"column":8},"end":{"line":115,"column":35}}},"fnMap":{"0":{"name":"(anonymous_0)","decl":{"start":{"line":2,"column":2},"end":{"line":2,"column":3}},"loc":{"start":{"line":2,"column":16},"end":{"line":7,"column":3}},"line":2},"1":{"name":"(anonymous_1)","decl":{"start":{"line":9,"column":2},"end":{"line":9,"column":3}},"loc":{"start":{"line":9,"column":21},"end":{"line":30,"column":3}},"line":9},"2":{"name":"(anonymous_2)","decl":{"start":{"line":10,"column":23},"end":{"line":10,"column":24}},"loc":{"start":{"line":10,"column":44},"end":{"line":29,"column":5}},"line":10},"3":{"name":"(anonymous_3)","decl":{"start":{"line":13,"column":32},"end":{"line":13,"column":33}},"loc":{"start":{"line":13,"column":43},"end":{"line":18,"column":7}},"line":13},"4":{"name":"(anonymous_4)","decl":{"start":{"line":20,"column":26},"end":{"line":20,"column":27}},"loc":{"start":{"line":20,"column":37},"end":{"line":23,"column":7}},"line":20},"5":{"name":"(anonymous_5)","decl":{"start":{"line":25,"column":24},"end":{"line":25,"column":25}},"loc":{"start":{"line":25,"column":35},"end":{"line":28,"column":7}},"line":25},"6":{"name":"(anonymous_6)","decl":{"start":{"line":32,"column":2},"end":{"line":32,"column":3}},"loc":{"start":{"line":32,"column":51},"end":{"line":54,"column":3}},"line":32},"7":{"name":"(anonymous_7)","decl":{"start":{"line":43,"column":23},"end":{"line":43,"column":24}},"loc":{"start":{"line":43,"column":44},"end":{"line":53,"column":5}},"line":43},"8":{"name":"(anonymous_8)","decl":{"start":{"line":48,"column":26},"end":{"line":48,"column":27}},"loc":{"start":{"line":48,"column":32},"end":{"line":48,"column":52}},"line":48},"9":{"name":"(anonymous_9)","decl":{"start":{"line":49,"column":24},"end":{"line":49,"column":25}},"loc":{"start":{"line":49,"column":35},"end":{"line":52,"column":7}},"line":49},"10":{"name":"(anonymous_10)","decl":{"start":{"line":56,"column":2},"end":{"line":56,"column":3}},"loc":{"start":{"line":56,"column":25},"end":{"line":77,"column":3}},"line":56},"11":{"name":"(anonymous_11)","decl":{"start":{"line":59,"column":23},"end":{"line":59,"column":24}},"loc":{"start":{"line":59,"column":44},"end":{"line":76,"column":5}},"line":59},"12":{"name":"(anonymous_12)","decl":{"start":{"line":64,"column":26},"end":{"line":64,"column":27}},"loc":{"start":{"line":64,"column":37},"end":{"line":70,"column":7}},"line":64},"13":{"name":"(anonymous_13)","decl":{"start":{"line":72,"column":24},"end":{"line":72,"column":25}},"loc":{"start":{"line":72,"column":35},"end":{"line":75,"column":7}},"line":72},"14":{"name":"(anonymous_14)","decl":{"start":{"line":79,"column":2},"end":{"line":79,"column":3}},"loc":{"start":{"line":79,"column":22},"end":{"line":102,"column":3}},"line":79},"15":{"name":"(anonymous_15)","decl":{"start":{"line":82,"column":23},"end":{"line":82,"column":24}},"loc":{"start":{"line":82,"column":44},"end":{"line":101,"column":5}},"line":82},"16":{"name":"(anonymous_16)","decl":{"start":{"line":87,"column":26},"end":{"line":87,"column":27}},"loc":{"start":{"line":87,"column":37},"end":{"line":95,"column":7}},"line":87},"17":{"name":"(anonymous_17)","decl":{"start":{"line":88,"column":46},"end":{"line":88,"column":47}},"loc":{"start":{"line":88,"column":55},"end":{"line":93,"column":9}},"line":88},"18":{"name":"(anonymous_18)","decl":{"start":{"line":97,"column":24},"end":{"line":97,"column":25}},"loc":{"start":{"line":97,"column":35},"end":{"line":100,"column":7}},"line":97},"19":{"name":"(anonymous_19)","decl":{"start":{"line":104,"column":2},"end":{"line":104,"column":3}},"loc":{"start":{"line":104,"column":27},"end":{"line":118,"column":3}},"line":104},"20":{"name":"(anonymous_20)","decl":{"start":{"line":107,"column":23},"end":{"line":107,"column":24}},"loc":{"start":{"line":107,"column":44},"end":{"line":117,"column":5}},"line":107},"21":{"name":"(anonymous_21)","decl":{"start":{"line":112,"column":26},"end":{"line":112,"column":27}},"loc":{"start":{"line":112,"column":32},"end":{"line":112,"column":41}},"line":112},"22":{"name":"(anonymous_22)","decl":{"start":{"line":113,"column":24},"end":{"line":113,"column":25}},"loc":{"start":{"line":113,"column":35},"end":{"line":116,"column":7}},"line":113}},"branchMap":{"0":{"loc":{"start":{"line":15,"column":8},"end":{"line":17,"column":9}},"type":"if","locations":[{"start":{"line":15,"column":8},"end":{"line":17,"column":9}},{"start":{},"end":{}}],"line":15},"1":{"loc":{"start":{"line":32,"column":28},"end":{"line":32,"column":49}},"type":"default-arg","locations":[{"start":{"line":32,"column":39},"end":{"line":32,"column":49}}],"line":32},"2":{"loc":{"start":{"line":33,"column":4},"end":{"line":33,"column":44}},"type":"if","locations":[{"start":{"line":33,"column":4},"end":{"line":33,"column":44}},{"start":{},"end":{}}],"line":33},"3":{"loc":{"start":{"line":57,"column":4},"end":{"line":57,"column":44}},"type":"if","locations":[{"start":{"line":57,"column":4},"end":{"line":57,"column":44}},{"start":{},"end":{}}],"line":57},"4":{"loc":{"start":{"line":65,"column":8},"end":{"line":69,"column":9}},"type":"if","locations":[{"start":{"line":65,"column":8},"end":{"line":69,"column":9}},{"start":{"line":67,"column":15},"end":{"line":69,"column":9}}],"line":65},"5":{"loc":{"start":{"line":80,"column":4},"end":{"line":80,"column":44}},"type":"if","locations":[{"start":{"line":80,"column":4},"end":{"line":80,"column":44}},{"start":{},"end":{}}],"line":80},"6":{"loc":{"start":{"line":105,"column":4},"end":{"line":105,"column":44}},"type":"if","locations":[{"start":{"line":105,"column":4},"end":{"line":105,"column":44}},{"start":{},"end":{}}],"line":105}},"s":{"0":11,"1":11,"2":11,"3":11,"4":11,"5":11,"6":11,"7":1,"8":1,"9":1,"10":11,"11":11,"12":11,"13":11,"14":0,"15":0,"16":2,"17":0,"18":2,"19":2,"20":2,"21":2,"22":2,"23":2,"24":0,"25":2,"26":0,"27":0,"28":3,"29":0,"30":3,"31":3,"32":3,"33":3,"34":3,"35":0,"36":0,"37":0,"38":3,"39":0,"40":0,"41":2,"42":0,"43":2,"44":2,"45":2,"46":2,"47":2,"48":0,"49":0,"50":0,"51":2,"52":0,"53":0,"54":2,"55":0,"56":2,"57":2,"58":2,"59":2,"60":2,"61":0,"62":2,"63":0,"64":0},"f":{"0":11,"1":11,"2":11,"3":1,"4":11,"5":0,"6":2,"7":2,"8":0,"9":0,"10":3,"11":3,"12":0,"13":0,"14":2,"15":2,"16":0,"17":0,"18":0,"19":2,"20":2,"21":0,"22":0},"b":{"0":[1,0],"1":[0],"2":[0,2],"3":[0,3],"4":[0,0],"5":[0,2],"6":[0,2]},"_coverageSchema":"1a1c01bbd47fc00a2c39e90264f33305004495a9","hash":"8ba0295a00a0cad1312fac146849c799ff2abbd8"}
,"/home/cam/play/codejam/manifest/src/core/SceneManager.js": {"path":"/home/cam/play/codejam/manifest/src/core/SceneManager.js","statementMap":{"0":{"start":{"line":5,"column":4},"end":{"line":5,"column":28}},"1":{"start":{"line":6,"column":4},"end":{"line":6,"column":29}},"2":{"start":{"line":7,"column":4},"end":{"line":7,"column":25}},"3":{"start":{"line":8,"column":4},"end":{"line":8,"column":23}},"4":{"start":{"line":11,"column":4},"end":{"line":11,"column":26}},"5":{"start":{"line":12,"column":4},"end":{"line":15,"column":6}},"6":{"start":{"line":16,"column":4},"end":{"line":25,"column":6}},"7":{"start":{"line":27,"column":4},"end":{"line":27,"column":24}},"8":{"start":{"line":28,"column":4},"end":{"line":28,"column":24}},"9":{"start":{"line":32,"column":4},"end":{"line":32,"column":65}},"10":{"start":{"line":33,"column":4},"end":{"line":33,"column":65}},"11":{"start":{"line":34,"column":4},"end":{"line":34,"column":57}},"12":{"start":{"line":35,"column":4},"end":{"line":35,"column":56}},"13":{"start":{"line":37,"column":4},"end":{"line":37,"column":70}},"14":{"start":{"line":42,"column":4},"end":{"line":46,"column":7}},"15":{"start":{"line":43,"column":6},"end":{"line":45,"column":7}},"16":{"start":{"line":44,"column":8},"end":{"line":44,"column":36}},"17":{"start":{"line":48,"column":4},"end":{"line":52,"column":7}},"18":{"start":{"line":49,"column":6},"end":{"line":51,"column":7}},"19":{"start":{"line":50,"column":8},"end":{"line":50,"column":37}},"20":{"start":{"line":56,"column":4},"end":{"line":56,"column":31}},"21":{"start":{"line":56,"column":23},"end":{"line":56,"column":30}},"22":{"start":{"line":58,"column":4},"end":{"line":58,"column":64}},"23":{"start":{"line":59,"column":4},"end":{"line":59,"column":41}},"24":{"start":{"line":60,"column":4},"end":{"line":60,"column":65}},"25":{"start":{"line":64,"column":18},"end":{"line":64,"column":35}},"26":{"start":{"line":66,"column":19},"end":{"line":71,"column":5}},"27":{"start":{"line":73,"column":4},"end":{"line":77,"column":5}},"28":{"start":{"line":74,"column":6},"end":{"line":74,"column":51}},"29":{"start":{"line":76,"column":6},"end":{"line":76,"column":37}},"30":{"start":{"line":79,"column":4},"end":{"line":79,"column":27}},"31":{"start":{"line":81,"column":4},"end":{"line":81,"column":43}},"32":{"start":{"line":82,"column":4},"end":{"line":82,"column":29}},"33":{"start":{"line":86,"column":4},"end":{"line":89,"column":5}},"34":{"start":{"line":87,"column":6},"end":{"line":87,"column":53}},"35":{"start":{"line":88,"column":6},"end":{"line":88,"column":19}},"36":{"start":{"line":91,"column":4},"end":{"line":91,"column":27}},"37":{"start":{"line":92,"column":23},"end":{"line":92,"column":42}},"38":{"start":{"line":93,"column":4},"end":{"line":93,"column":25}},"39":{"start":{"line":94,"column":4},"end":{"line":94,"column":16}},"40":{"start":{"line":98,"column":4},"end":{"line":98,"column":42}},"41":{"start":{"line":98,"column":29},"end":{"line":98,"column":41}},"42":{"start":{"line":99,"column":4},"end":{"line":99,"column":46}},"43":{"start":{"line":103,"column":4},"end":{"line":103,"column":31}},"44":{"start":{"line":103,"column":23},"end":{"line":103,"column":30}},"45":{"start":{"line":105,"column":16},"end":{"line":105,"column":17}},"46":{"start":{"line":106,"column":16},"end":{"line":106,"column":17}},"47":{"start":{"line":109,"column":4},"end":{"line":109,"column":55}},"48":{"start":{"line":109,"column":43},"end":{"line":109,"column":54}},"49":{"start":{"line":110,"column":4},"end":{"line":110,"column":57}},"50":{"start":{"line":110,"column":45},"end":{"line":110,"column":56}},"51":{"start":{"line":111,"column":4},"end":{"line":111,"column":57}},"52":{"start":{"line":111,"column":45},"end":{"line":111,"column":56}},"53":{"start":{"line":112,"column":4},"end":{"line":112,"column":58}},"54":{"start":{"line":112,"column":46},"end":{"line":112,"column":57}},"55":{"start":{"line":115,"column":4},"end":{"line":119,"column":5}},"56":{"start":{"line":116,"column":21},"end":{"line":116,"column":61}},"57":{"start":{"line":117,"column":6},"end":{"line":117,"column":22}},"58":{"start":{"line":118,"column":6},"end":{"line":118,"column":22}},"59":{"start":{"line":122,"column":4},"end":{"line":122,"column":42}},"60":{"start":{"line":123,"column":4},"end":{"line":123,"column":42}},"61":{"start":{"line":126,"column":4},"end":{"line":126,"column":36}},"62":{"start":{"line":127,"column":4},"end":{"line":127,"column":36}},"63":{"start":{"line":130,"column":4},"end":{"line":130,"column":120}},"64":{"start":{"line":131,"column":4},"end":{"line":131,"column":120}},"65":{"start":{"line":135,"column":4},"end":{"line":135,"column":51}},"66":{"start":{"line":139,"column":4},"end":{"line":139,"column":37}},"67":{"start":{"line":139,"column":29},"end":{"line":139,"column":36}},"68":{"start":{"line":142,"column":4},"end":{"line":142,"column":33}},"69":{"start":{"line":144,"column":30},"end":{"line":144,"column":64}},"70":{"start":{"line":145,"column":4},"end":{"line":145,"column":40}}},"fnMap":{"0":{"name":"(anonymous_0)","decl":{"start":{"line":4,"column":2},"end":{"line":4,"column":3}},"loc":{"start":{"line":4,"column":16},"end":{"line":29,"column":3}},"line":4},"1":{"name":"(anonymous_1)","decl":{"start":{"line":31,"column":2},"end":{"line":31,"column":3}},"loc":{"start":{"line":31,"column":17},"end":{"line":38,"column":3}},"line":31},"2":{"name":"(anonymous_2)","decl":{"start":{"line":40,"column":2},"end":{"line":40,"column":3}},"loc":{"start":{"line":40,"column":17},"end":{"line":53,"column":3}},"line":40},"3":{"name":"(anonymous_3)","decl":{"start":{"line":42,"column":39},"end":{"line":42,"column":40}},"loc":{"start":{"line":42,"column":50},"end":{"line":46,"column":5}},"line":42},"4":{"name":"(anonymous_4)","decl":{"start":{"line":48,"column":37},"end":{"line":48,"column":38}},"loc":{"start":{"line":48,"column":48},"end":{"line":52,"column":5}},"line":48},"5":{"name":"(anonymous_5)","decl":{"start":{"line":55,"column":2},"end":{"line":55,"column":3}},"loc":{"start":{"line":55,"column":19},"end":{"line":61,"column":3}},"line":55},"6":{"name":"(anonymous_6)","decl":{"start":{"line":63,"column":2},"end":{"line":63,"column":3}},"loc":{"start":{"line":63,"column":38},"end":{"line":83,"column":3}},"line":63},"7":{"name":"(anonymous_7)","decl":{"start":{"line":85,"column":2},"end":{"line":85,"column":3}},"loc":{"start":{"line":85,"column":21},"end":{"line":95,"column":3}},"line":85},"8":{"name":"(anonymous_8)","decl":{"start":{"line":97,"column":2},"end":{"line":97,"column":3}},"loc":{"start":{"line":97,"column":19},"end":{"line":100,"column":3}},"line":97},"9":{"name":"(anonymous_9)","decl":{"start":{"line":102,"column":2},"end":{"line":102,"column":3}},"loc":{"start":{"line":102,"column":26},"end":{"line":132,"column":3}},"line":102},"10":{"name":"(anonymous_10)","decl":{"start":{"line":134,"column":2},"end":{"line":134,"column":3}},"loc":{"start":{"line":134,"column":42},"end":{"line":136,"column":3}},"line":134},"11":{"name":"(anonymous_11)","decl":{"start":{"line":138,"column":2},"end":{"line":138,"column":3}},"loc":{"start":{"line":138,"column":20},"end":{"line":146,"column":3}},"line":138}},"branchMap":{"0":{"loc":{"start":{"line":43,"column":6},"end":{"line":45,"column":7}},"type":"if","locations":[{"start":{"line":43,"column":6},"end":{"line":45,"column":7}},{"start":{},"end":{}}],"line":43},"1":{"loc":{"start":{"line":49,"column":6},"end":{"line":51,"column":7}},"type":"if","locations":[{"start":{"line":49,"column":6},"end":{"line":51,"column":7}},{"start":{},"end":{}}],"line":49},"2":{"loc":{"start":{"line":56,"column":4},"end":{"line":56,"column":31}},"type":"if","locations":[{"start":{"line":56,"column":4},"end":{"line":56,"column":31}},{"start":{},"end":{}}],"line":56},"3":{"loc":{"start":{"line":63,"column":18},"end":{"line":63,"column":36}},"type":"default-arg","locations":[{"start":{"line":63,"column":34},"end":{"line":63,"column":36}}],"line":63},"4":{"loc":{"start":{"line":67,"column":6},"end":{"line":67,"column":29}},"type":"binary-expr","locations":[{"start":{"line":67,"column":6},"end":{"line":67,"column":23}},{"start":{"line":67,"column":27},"end":{"line":67,"column":29}}],"line":67},"5":{"loc":{"start":{"line":69,"column":6},"end":{"line":69,"column":31}},"type":"binary-expr","locations":[{"start":{"line":69,"column":6},"end":{"line":69,"column":24}},{"start":{"line":69,"column":28},"end":{"line":69,"column":31}}],"line":69},"6":{"loc":{"start":{"line":70,"column":6},"end":{"line":70,"column":31}},"type":"binary-expr","locations":[{"start":{"line":70,"column":6},"end":{"line":70,"column":23}},{"start":{"line":70,"column":27},"end":{"line":70,"column":31}}],"line":70},"7":{"loc":{"start":{"line":73,"column":4},"end":{"line":77,"column":5}},"type":"if","locations":[{"start":{"line":73,"column":4},"end":{"line":77,"column":5}},{"start":{"line":75,"column":11},"end":{"line":77,"column":5}}],"line":73},"8":{"loc":{"start":{"line":86,"column":4},"end":{"line":89,"column":5}},"type":"if","locations":[{"start":{"line":86,"column":4},"end":{"line":89,"column":5}},{"start":{},"end":{}}],"line":86},"9":{"loc":{"start":{"line":98,"column":4},"end":{"line":98,"column":42}},"type":"if","locations":[{"start":{"line":98,"column":4},"end":{"line":98,"column":42}},{"start":{},"end":{}}],"line":98},"10":{"loc":{"start":{"line":103,"column":4},"end":{"line":103,"column":31}},"type":"if","locations":[{"start":{"line":103,"column":4},"end":{"line":103,"column":31}},{"start":{},"end":{}}],"line":103},"11":{"loc":{"start":{"line":109,"column":4},"end":{"line":109,"column":55}},"type":"if","locations":[{"start":{"line":109,"column":4},"end":{"line":109,"column":55}},{"start":{},"end":{}}],"line":109},"12":{"loc":{"start":{"line":109,"column":8},"end":{"line":109,"column":40}},"type":"binary-expr","locations":[{"start":{"line":109,"column":8},"end":{"line":109,"column":25}},{"start":{"line":109,"column":29},"end":{"line":109,"column":40}}],"line":109},"13":{"loc":{"start":{"line":110,"column":4},"end":{"line":110,"column":57}},"type":"if","locations":[{"start":{"line":110,"column":4},"end":{"line":110,"column":57}},{"start":{},"end":{}}],"line":110},"14":{"loc":{"start":{"line":110,"column":8},"end":{"line":110,"column":42}},"type":"binary-expr","locations":[{"start":{"line":110,"column":8},"end":{"line":110,"column":27}},{"start":{"line":110,"column":31},"end":{"line":110,"column":42}}],"line":110},"15":{"loc":{"start":{"line":111,"column":4},"end":{"line":111,"column":57}},"type":"if","locations":[{"start":{"line":111,"column":4},"end":{"line":111,"column":57}},{"start":{},"end":{}}],"line":111},"16":{"loc":{"start":{"line":111,"column":8},"end":{"line":111,"column":42}},"type":"binary-expr","locations":[{"start":{"line":111,"column":8},"end":{"line":111,"column":27}},{"start":{"line":111,"column":31},"end":{"line":111,"column":42}}],"line":111},"17":{"loc":{"start":{"line":112,"column":4},"end":{"line":112,"column":58}},"type":"if","locations":[{"start":{"line":112,"column":4},"end":{"line":112,"column":58}},{"start":{},"end":{}}],"line":112},"18":{"loc":{"start":{"line":112,"column":8},"end":{"line":112,"column":43}},"type":"binary-expr","locations":[{"start":{"line":112,"column":8},"end":{"line":112,"column":28}},{"start":{"line":112,"column":32},"end":{"line":112,"column":43}}],"line":112},"19":{"loc":{"start":{"line":115,"column":4},"end":{"line":119,"column":5}},"type":"if","locations":[{"start":{"line":115,"column":4},"end":{"line":119,"column":5}},{"start":{},"end":{}}],"line":115},"20":{"loc":{"start":{"line":115,"column":8},"end":{"line":115,"column":34}},"type":"binary-expr","locations":[{"start":{"line":115,"column":8},"end":{"line":115,"column":19}},{"start":{"line":115,"column":23},"end":{"line":115,"column":34}}],"line":115},"21":{"loc":{"start":{"line":139,"column":4},"end":{"line":139,"column":37}},"type":"if","locations":[{"start":{"line":139,"column":4},"end":{"line":139,"column":37}},{"start":{},"end":{}}],"line":139}},"s":{"0":0,"1":0,"2":0,"3":0,"4":0,"5":0,"6":0,"7":0,"8":0,"9":0,"10":0,"11":0,"12":0,"13":0,"14":0,"15":0,"16":0,"17":0,"18":0,"19":0,"20":0,"21":0,"22":0,"23":0,"24":0,"25":0,"26":0,"27":0,"28":0,"29":0,"30":0,"31":0,"32":0,"33":0,"34":0,"35":0,"36":0,"37":0,"38":0,"39":0,"40":0,"41":0,"42":0,"43":0,"44":0,"45":0,"46":0,"47":0,"48":0,"49":0,"50":0,"51":0,"52":0,"53":0,"54":0,"55":0,"56":0,"57":0,"58":0,"59":0,"60":0,"61":0,"62":0,"63":0,"64":0,"65":0,"66":0,"67":0,"68":0,"69":0,"70":0},"f":{"0":0,"1":0,"2":0,"3":0,"4":0,"5":0,"6":0,"7":0,"8":0,"9":0,"10":0,"11":0},"b":{"0":[0,0],"1":[0,0],"2":[0,0],"3":[0],"4":[0,0],"5":[0,0],"6":[0,0],"7":[0,0],"8":[0,0],"9":[0,0],"10":[0,0],"11":[0,0],"12":[0,0],"13":[0,0],"14":[0,0],"15":[0,0],"16":[0,0],"17":[0,0],"18":[0,0],"19":[0,0],"20":[0,0],"21":[0,0]}}
,"/home/cam/play/codejam/manifest/src/entities/components/HealthComponent.js": {"path":"/home/cam/play/codejam/manifest/src/entities/components/HealthComponent.js","statementMap":{"0":{"start":{"line":3,"column":4},"end":{"line":3,"column":32}},"1":{"start":{"line":7,"column":4},"end":{"line":13,"column":7}},"2":{"start":{"line":17,"column":4},"end":{"line":17,"column":37}},"3":{"start":{"line":21,"column":4},"end":{"line":21,"column":41}},"4":{"start":{"line":25,"column":4},"end":{"line":25,"column":41}},"5":{"start":{"line":30,"column":4},"end":{"line":30,"column":49}},"6":{"start":{"line":35,"column":4},"end":{"line":35,"column":42}}},"fnMap":{"0":{"name":"(anonymous_0)","decl":{"start":{"line":2,"column":2},"end":{"line":2,"column":3}},"loc":{"start":{"line":2,"column":16},"end":{"line":4,"column":3}},"line":2},"1":{"name":"(anonymous_1)","decl":{"start":{"line":6,"column":2},"end":{"line":6,"column":3}},"loc":{"start":{"line":6,"column":31},"end":{"line":14,"column":3}},"line":6},"2":{"name":"(anonymous_2)","decl":{"start":{"line":16,"column":2},"end":{"line":16,"column":3}},"loc":{"start":{"line":16,"column":28},"end":{"line":18,"column":3}},"line":16},"3":{"name":"(anonymous_3)","decl":{"start":{"line":20,"column":2},"end":{"line":20,"column":3}},"loc":{"start":{"line":20,"column":25},"end":{"line":22,"column":3}},"line":20},"4":{"name":"(anonymous_4)","decl":{"start":{"line":24,"column":2},"end":{"line":24,"column":3}},"loc":{"start":{"line":24,"column":25},"end":{"line":26,"column":3}},"line":24},"5":{"name":"(anonymous_5)","decl":{"start":{"line":29,"column":2},"end":{"line":29,"column":3}},"loc":{"start":{"line":29,"column":21},"end":{"line":31,"column":3}},"line":29},"6":{"name":"(anonymous_6)","decl":{"start":{"line":34,"column":2},"end":{"line":34,"column":3}},"loc":{"start":{"line":34,"column":31},"end":{"line":36,"column":3}},"line":34}},"branchMap":{"0":{"loc":{"start":{"line":8,"column":17},"end":{"line":8,"column":38}},"type":"binary-expr","locations":[{"start":{"line":8,"column":17},"end":{"line":8,"column":31}},{"start":{"line":8,"column":35},"end":{"line":8,"column":38}}],"line":8},"1":{"loc":{"start":{"line":9,"column":21},"end":{"line":9,"column":64}},"type":"binary-expr","locations":[{"start":{"line":9,"column":21},"end":{"line":9,"column":39}},{"start":{"line":9,"column":43},"end":{"line":9,"column":57}},{"start":{"line":9,"column":61},"end":{"line":9,"column":64}}],"line":9},"2":{"loc":{"start":{"line":10,"column":13},"end":{"line":10,"column":28}},"type":"binary-expr","locations":[{"start":{"line":10,"column":13},"end":{"line":10,"column":23}},{"start":{"line":10,"column":27},"end":{"line":10,"column":28}}],"line":10},"3":{"loc":{"start":{"line":11,"column":14},"end":{"line":11,"column":30}},"type":"binary-expr","locations":[{"start":{"line":11,"column":14},"end":{"line":11,"column":25}},{"start":{"line":11,"column":29},"end":{"line":11,"column":30}}],"line":11},"4":{"loc":{"start":{"line":12,"column":20},"end":{"line":12,"column":42}},"type":"binary-expr","locations":[{"start":{"line":12,"column":20},"end":{"line":12,"column":37}},{"start":{"line":12,"column":41},"end":{"line":12,"column":42}}],"line":12}},"s":{"0":15,"1":13,"2":2,"3":5,"4":8,"5":2,"6":2},"f":{"0":15,"1":13,"2":2,"3":5,"4":8,"5":2,"6":2},"b":{"0":[13,3],"1":[13,6,3],"2":[13,9],"3":[13,11],"4":[13,11]},"_coverageSchema":"1a1c01bbd47fc00a2c39e90264f33305004495a9","hash":"b97698a9e7b3b5e3f103481ad03cd678f5ba8b82"}
,"/home/cam/play/codejam/manifest/src/entities/components/PositionComponent.js": {"path":"/home/cam/play/codejam/manifest/src/entities/components/PositionComponent.js","statementMap":{"0":{"start":{"line":3,"column":4},"end":{"line":3,"column":32}},"1":{"start":{"line":7,"column":4},"end":{"line":12,"column":7}},"2":{"start":{"line":16,"column":4},"end":{"line":16,"column":37}},"3":{"start":{"line":20,"column":4},"end":{"line":20,"column":41}},"4":{"start":{"line":24,"column":4},"end":{"line":24,"column":41}},"5":{"start":{"line":29,"column":4},"end":{"line":29,"column":49}},"6":{"start":{"line":34,"column":4},"end":{"line":34,"column":42}}},"fnMap":{"0":{"name":"(anonymous_0)","decl":{"start":{"line":2,"column":2},"end":{"line":2,"column":3}},"loc":{"start":{"line":2,"column":16},"end":{"line":4,"column":3}},"line":2},"1":{"name":"(anonymous_1)","decl":{"start":{"line":6,"column":2},"end":{"line":6,"column":3}},"loc":{"start":{"line":6,"column":31},"end":{"line":13,"column":3}},"line":6},"2":{"name":"(anonymous_2)","decl":{"start":{"line":15,"column":2},"end":{"line":15,"column":3}},"loc":{"start":{"line":15,"column":28},"end":{"line":17,"column":3}},"line":15},"3":{"name":"(anonymous_3)","decl":{"start":{"line":19,"column":2},"end":{"line":19,"column":3}},"loc":{"start":{"line":19,"column":25},"end":{"line":21,"column":3}},"line":19},"4":{"name":"(anonymous_4)","decl":{"start":{"line":23,"column":2},"end":{"line":23,"column":3}},"loc":{"start":{"line":23,"column":25},"end":{"line":25,"column":3}},"line":23},"5":{"name":"(anonymous_5)","decl":{"start":{"line":28,"column":2},"end":{"line":28,"column":3}},"loc":{"start":{"line":28,"column":21},"end":{"line":30,"column":3}},"line":28},"6":{"name":"(anonymous_6)","decl":{"start":{"line":33,"column":2},"end":{"line":33,"column":3}},"loc":{"start":{"line":33,"column":31},"end":{"line":35,"column":3}},"line":33}},"branchMap":{"0":{"loc":{"start":{"line":8,"column":9},"end":{"line":8,"column":20}},"type":"binary-expr","locations":[{"start":{"line":8,"column":9},"end":{"line":8,"column":15}},{"start":{"line":8,"column":19},"end":{"line":8,"column":20}}],"line":8},"1":{"loc":{"start":{"line":9,"column":9},"end":{"line":9,"column":20}},"type":"binary-expr","locations":[{"start":{"line":9,"column":9},"end":{"line":9,"column":15}},{"start":{"line":9,"column":19},"end":{"line":9,"column":20}}],"line":9},"2":{"loc":{"start":{"line":10,"column":9},"end":{"line":10,"column":20}},"type":"binary-expr","locations":[{"start":{"line":10,"column":9},"end":{"line":10,"column":15}},{"start":{"line":10,"column":19},"end":{"line":10,"column":20}}],"line":10},"3":{"loc":{"start":{"line":11,"column":16},"end":{"line":11,"column":34}},"type":"binary-expr","locations":[{"start":{"line":11,"column":16},"end":{"line":11,"column":29}},{"start":{"line":11,"column":33},"end":{"line":11,"column":34}}],"line":11}},"s":{"0":14,"1":13,"2":2,"3":7,"4":11,"5":2,"6":2},"f":{"0":14,"1":13,"2":2,"3":7,"4":11,"5":2,"6":2},"b":{"0":[13,5],"1":[13,10],"2":[13,5],"3":[13,10]},"_coverageSchema":"1a1c01bbd47fc00a2c39e90264f33305004495a9","hash":"e6becc252f25481445fb2a6bd7e00617859d3c59"}
,"/home/cam/play/codejam/manifest/src/entities/components/RenderComponent.js": {"path":"/home/cam/play/codejam/manifest/src/entities/components/RenderComponent.js","statementMap":{"0":{"start":{"line":3,"column":4},"end":{"line":3,"column":32}},"1":{"start":{"line":7,"column":4},"end":{"line":13,"column":7}},"2":{"start":{"line":17,"column":4},"end":{"line":17,"column":37}},"3":{"start":{"line":21,"column":4},"end":{"line":21,"column":41}},"4":{"start":{"line":25,"column":4},"end":{"line":25,"column":41}},"5":{"start":{"line":30,"column":4},"end":{"line":30,"column":49}},"6":{"start":{"line":35,"column":4},"end":{"line":35,"column":42}}},"fnMap":{"0":{"name":"(anonymous_0)","decl":{"start":{"line":2,"column":2},"end":{"line":2,"column":3}},"loc":{"start":{"line":2,"column":16},"end":{"line":4,"column":3}},"line":2},"1":{"name":"(anonymous_1)","decl":{"start":{"line":6,"column":2},"end":{"line":6,"column":3}},"loc":{"start":{"line":6,"column":31},"end":{"line":14,"column":3}},"line":6},"2":{"name":"(anonymous_2)","decl":{"start":{"line":16,"column":2},"end":{"line":16,"column":3}},"loc":{"start":{"line":16,"column":28},"end":{"line":18,"column":3}},"line":16},"3":{"name":"(anonymous_3)","decl":{"start":{"line":20,"column":2},"end":{"line":20,"column":3}},"loc":{"start":{"line":20,"column":25},"end":{"line":22,"column":3}},"line":20},"4":{"name":"(anonymous_4)","decl":{"start":{"line":24,"column":2},"end":{"line":24,"column":3}},"loc":{"start":{"line":24,"column":25},"end":{"line":26,"column":3}},"line":24},"5":{"name":"(anonymous_5)","decl":{"start":{"line":29,"column":2},"end":{"line":29,"column":3}},"loc":{"start":{"line":29,"column":21},"end":{"line":31,"column":3}},"line":29},"6":{"name":"(anonymous_6)","decl":{"start":{"line":34,"column":2},"end":{"line":34,"column":3}},"loc":{"start":{"line":34,"column":31},"end":{"line":36,"column":3}},"line":34}},"branchMap":{"0":{"loc":{"start":{"line":9,"column":15},"end":{"line":9,"column":63}},"type":"cond-expr","locations":[{"start":{"line":9,"column":44},"end":{"line":9,"column":56}},{"start":{"line":9,"column":59},"end":{"line":9,"column":63}}],"line":9},"1":{"loc":{"start":{"line":10,"column":13},"end":{"line":10,"column":47}},"type":"binary-expr","locations":[{"start":{"line":10,"column":13},"end":{"line":10,"column":23}},{"start":{"line":10,"column":27},"end":{"line":10,"column":47}}],"line":10},"2":{"loc":{"start":{"line":11,"column":13},"end":{"line":11,"column":35}},"type":"binary-expr","locations":[{"start":{"line":11,"column":13},"end":{"line":11,"column":23}},{"start":{"line":11,"column":27},"end":{"line":11,"column":35}}],"line":11},"3":{"loc":{"start":{"line":12,"column":15},"end":{"line":12,"column":32}},"type":"binary-expr","locations":[{"start":{"line":12,"column":15},"end":{"line":12,"column":27}},{"start":{"line":12,"column":31},"end":{"line":12,"column":32}}],"line":12}},"s":{"0":15,"1":13,"2":2,"3":5,"4":8,"5":2,"6":2},"f":{"0":15,"1":13,"2":2,"3":5,"4":8,"5":2,"6":2},"b":{"0":[3,10],"1":[13,8],"2":[13,7],"3":[13,11]},"_coverageSchema":"1a1c01bbd47fc00a2c39e90264f33305004495a9","hash":"14808bd491817d01c226130227f56dcb7b964d64"}
,"/home/cam/play/codejam/manifest/src/entities/systems/MovementSystem.js": {"path":"/home/cam/play/codejam/manifest/src/entities/systems/MovementSystem.js","statementMap":{"0":{"start":{"line":3,"column":4},"end":{"line":3,"column":39}},"1":{"start":{"line":4,"column":4},"end":{"line":4,"column":36}},"2":{"start":{"line":13,"column":4},"end":{"line":20,"column":5}},"3":{"start":{"line":14,"column":6},"end":{"line":18,"column":9}},"4":{"start":{"line":19,"column":6},"end":{"line":19,"column":18}},"5":{"start":{"line":21,"column":4},"end":{"line":21,"column":17}},"6":{"start":{"line":26,"column":4},"end":{"line":26,"column":48}},"7":{"start":{"line":31,"column":4},"end":{"line":65,"column":7}},"8":{"start":{"line":32,"column":32},"end":{"line":32,"column":85}},"9":{"start":{"line":34,"column":6},"end":{"line":38,"column":7}},"10":{"start":{"line":36,"column":8},"end":{"line":36,"column":34}},"11":{"start":{"line":37,"column":8},"end":{"line":37,"column":15}},"12":{"start":{"line":40,"column":37},"end":{"line":40,"column":49}},"13":{"start":{"line":43,"column":17},"end":{"line":43,"column":52}},"14":{"start":{"line":44,"column":17},"end":{"line":44,"column":52}},"15":{"start":{"line":45,"column":23},"end":{"line":45,"column":51}},"16":{"start":{"line":47,"column":6},"end":{"line":53,"column":7}},"17":{"start":{"line":49,"column":8},"end":{"line":49,"column":44}},"18":{"start":{"line":50,"column":8},"end":{"line":50,"column":44}},"19":{"start":{"line":51,"column":8},"end":{"line":51,"column":34}},"20":{"start":{"line":52,"column":8},"end":{"line":52,"column":15}},"21":{"start":{"line":56,"column":27},"end":{"line":56,"column":44}},"22":{"start":{"line":57,"column":24},"end":{"line":57,"column":47}},"23":{"start":{"line":60,"column":6},"end":{"line":60,"column":44}},"24":{"start":{"line":61,"column":6},"end":{"line":61,"column":44}},"25":{"start":{"line":64,"column":6},"end":{"line":64,"column":54}},"26":{"start":{"line":70,"column":4},"end":{"line":70,"column":53}},"27":{"start":{"line":75,"column":4},"end":{"line":75,"column":40}}},"fnMap":{"0":{"name":"(anonymous_0)","decl":{"start":{"line":2,"column":2},"end":{"line":2,"column":3}},"loc":{"start":{"line":2,"column":29},"end":{"line":5,"column":3}},"line":2},"1":{"name":"(anonymous_1)","decl":{"start":{"line":7,"column":2},"end":{"line":7,"column":3}},"loc":{"start":{"line":7,"column":15},"end":{"line":9,"column":3}},"line":7},"2":{"name":"(anonymous_2)","decl":{"start":{"line":11,"column":2},"end":{"line":11,"column":3}},"loc":{"start":{"line":11,"column":43},"end":{"line":22,"column":3}},"line":11},"3":{"name":"(anonymous_3)","decl":{"start":{"line":24,"column":2},"end":{"line":24,"column":3}},"loc":{"start":{"line":24,"column":23},"end":{"line":27,"column":3}},"line":24},"4":{"name":"(anonymous_4)","decl":{"start":{"line":29,"column":2},"end":{"line":29,"column":3}},"loc":{"start":{"line":29,"column":20},"end":{"line":66,"column":3}},"line":29},"5":{"name":"(anonymous_5)","decl":{"start":{"line":31,"column":32},"end":{"line":31,"column":33}},"loc":{"start":{"line":31,"column":60},"end":{"line":65,"column":5}},"line":31},"6":{"name":"(anonymous_6)","decl":{"start":{"line":69,"column":2},"end":{"line":69,"column":3}},"loc":{"start":{"line":69,"column":14},"end":{"line":71,"column":3}},"line":69},"7":{"name":"(anonymous_7)","decl":{"start":{"line":74,"column":2},"end":{"line":74,"column":3}},"loc":{"start":{"line":74,"column":20},"end":{"line":76,"column":3}},"line":74}},"branchMap":{"0":{"loc":{"start":{"line":13,"column":4},"end":{"line":20,"column":5}},"type":"if","locations":[{"start":{"line":13,"column":4},"end":{"line":20,"column":5}},{"start":{},"end":{}}],"line":13},"1":{"loc":{"start":{"line":16,"column":15},"end":{"line":16,"column":25}},"type":"binary-expr","locations":[{"start":{"line":16,"column":15},"end":{"line":16,"column":20}},{"start":{"line":16,"column":24},"end":{"line":16,"column":25}}],"line":16},"2":{"loc":{"start":{"line":34,"column":6},"end":{"line":38,"column":7}},"type":"if","locations":[{"start":{"line":34,"column":6},"end":{"line":38,"column":7}},{"start":{},"end":{}}],"line":34},"3":{"loc":{"start":{"line":47,"column":6},"end":{"line":53,"column":7}},"type":"if","locations":[{"start":{"line":47,"column":6},"end":{"line":53,"column":7}},{"start":{},"end":{}}],"line":47}},"s":{"0":17,"1":17,"2":13,"3":12,"4":12,"5":1,"6":5,"7":6,"8":6,"9":6,"10":2,"11":2,"12":4,"13":4,"14":4,"15":4,"16":4,"17":1,"18":1,"19":1,"20":1,"21":3,"22":3,"23":3,"24":3,"25":3,"26":2,"27":2},"f":{"0":17,"1":0,"2":13,"3":5,"4":6,"5":6,"6":2,"7":2},"b":{"0":[12,1],"1":[12,4],"2":[2,4],"3":[1,3]},"_coverageSchema":"1a1c01bbd47fc00a2c39e90264f33305004495a9","hash":"fffede9676d0d21f1109b7187661fd7ca4cde645"}
,"/home/cam/play/codejam/manifest/src/entities/systems/RenderSystem.js": {"path":"/home/cam/play/codejam/manifest/src/entities/systems/RenderSystem.js","statementMap":{"0":{"start":{"line":6,"column":4},"end":{"line":6,"column":39}},"1":{"start":{"line":7,"column":4},"end":{"line":7,"column":37}},"2":{"start":{"line":8,"column":4},"end":{"line":8,"column":35}},"3":{"start":{"line":9,"column":4},"end":{"line":9,"column":28}},"4":{"start":{"line":10,"column":4},"end":{"line":10,"column":35}},"5":{"start":{"line":14,"column":22},"end":{"line":14,"column":56}},"6":{"start":{"line":15,"column":4},"end":{"line":17,"column":5}},"7":{"start":{"line":16,"column":6},"end":{"line":16,"column":62}},"8":{"start":{"line":21,"column":22},"end":{"line":21,"column":56}},"9":{"start":{"line":22,"column":4},"end":{"line":22,"column":25}},"10":{"start":{"line":22,"column":17},"end":{"line":22,"column":24}},"11":{"start":{"line":25,"column":4},"end":{"line":60,"column":7}},"12":{"start":{"line":26,"column":24},"end":{"line":26,"column":75}},"13":{"start":{"line":27,"column":26},"end":{"line":27,"column":79}},"14":{"start":{"line":29,"column":6},"end":{"line":59,"column":7}},"15":{"start":{"line":30,"column":32},"end":{"line":30,"column":83}},"16":{"start":{"line":31,"column":34},"end":{"line":31,"column":87}},"17":{"start":{"line":34,"column":8},"end":{"line":36,"column":9}},"18":{"start":{"line":35,"column":10},"end":{"line":35,"column":60}},"19":{"start":{"line":39,"column":21},"end":{"line":39,"column":46}},"20":{"start":{"line":40,"column":8},"end":{"line":55,"column":9}},"21":{"start":{"line":41,"column":10},"end":{"line":41,"column":91}},"22":{"start":{"line":42,"column":10},"end":{"line":42,"column":55}},"23":{"start":{"line":43,"column":10},"end":{"line":43,"column":49}},"24":{"start":{"line":46,"column":10},"end":{"line":54,"column":11}},"25":{"start":{"line":49,"column":12},"end":{"line":53,"column":14}},"26":{"start":{"line":56,"column":13},"end":{"line":59,"column":7}},"27":{"start":{"line":58,"column":8},"end":{"line":58,"column":41}},"28":{"start":{"line":69,"column":4},"end":{"line":102,"column":5}},"29":{"start":{"line":71,"column":23},"end":{"line":71,"column":65}},"30":{"start":{"line":72,"column":23},"end":{"line":76,"column":8}},"31":{"start":{"line":77,"column":6},"end":{"line":77,"column":48}},"32":{"start":{"line":80,"column":6},"end":{"line":80,"column":28}},"33":{"start":{"line":81,"column":11},"end":{"line":102,"column":5}},"34":{"start":{"line":83,"column":23},"end":{"line":83,"column":53}},"35":{"start":{"line":84,"column":23},"end":{"line":88,"column":8}},"36":{"start":{"line":89,"column":6},"end":{"line":89,"column":48}},"37":{"start":{"line":92,"column":6},"end":{"line":92,"column":28}},"38":{"start":{"line":95,"column":23},"end":{"line":95,"column":53}},"39":{"start":{"line":96,"column":23},"end":{"line":100,"column":8}},"40":{"start":{"line":101,"column":6},"end":{"line":101,"column":48}},"41":{"start":{"line":105,"column":4},"end":{"line":109,"column":6}},"42":{"start":{"line":112,"column":4},"end":{"line":112,"column":36}},"43":{"start":{"line":113,"column":4},"end":{"line":113,"column":20}},"44":{"start":{"line":115,"column":4},"end":{"line":115,"column":16}},"45":{"start":{"line":119,"column":17},"end":{"line":119,"column":42}},"46":{"start":{"line":120,"column":4},"end":{"line":134,"column":5}},"47":{"start":{"line":121,"column":6},"end":{"line":121,"column":25}},"48":{"start":{"line":122,"column":6},"end":{"line":122,"column":35}},"49":{"start":{"line":125,"column":6},"end":{"line":125,"column":51}},"50":{"start":{"line":125,"column":26},"end":{"line":125,"column":50}},"51":{"start":{"line":127,"column":6},"end":{"line":133,"column":7}},"52":{"start":{"line":128,"column":8},"end":{"line":132,"column":9}},"53":{"start":{"line":129,"column":10},"end":{"line":129,"column":64}},"54":{"start":{"line":129,"column":44},"end":{"line":129,"column":62}},"55":{"start":{"line":131,"column":10},"end":{"line":131,"column":34}},"56":{"start":{"line":139,"column":4},"end":{"line":141,"column":5}},"57":{"start":{"line":140,"column":6},"end":{"line":140,"column":89}},"58":{"start":{"line":146,"column":22},"end":{"line":146,"column":56}},"59":{"start":{"line":147,"column":4},"end":{"line":147,"column":25}},"60":{"start":{"line":147,"column":17},"end":{"line":147,"column":24}},"61":{"start":{"line":150,"column":4},"end":{"line":152,"column":7}},"62":{"start":{"line":151,"column":6},"end":{"line":151,"column":39}},"63":{"start":{"line":154,"column":4},"end":{"line":154,"column":24}},"64":{"start":{"line":157,"column":4},"end":{"line":160,"column":5}},"65":{"start":{"line":158,"column":6},"end":{"line":158,"column":40}},"66":{"start":{"line":159,"column":6},"end":{"line":159,"column":37}}},"fnMap":{"0":{"name":"(anonymous_0)","decl":{"start":{"line":5,"column":2},"end":{"line":5,"column":3}},"loc":{"start":{"line":5,"column":56},"end":{"line":11,"column":3}},"line":5},"1":{"name":"(anonymous_1)","decl":{"start":{"line":13,"column":2},"end":{"line":13,"column":3}},"loc":{"start":{"line":13,"column":15},"end":{"line":18,"column":3}},"line":13},"2":{"name":"(anonymous_2)","decl":{"start":{"line":20,"column":2},"end":{"line":20,"column":3}},"loc":{"start":{"line":20,"column":20},"end":{"line":61,"column":3}},"line":20},"3":{"name":"(anonymous_3)","decl":{"start":{"line":25,"column":50},"end":{"line":25,"column":51}},"loc":{"start":{"line":25,"column":72},"end":{"line":60,"column":5}},"line":25},"4":{"name":"(anonymous_4)","decl":{"start":{"line":63,"column":2},"end":{"line":63,"column":3}},"loc":{"start":{"line":63,"column":47},"end":{"line":116,"column":3}},"line":63},"5":{"name":"(anonymous_5)","decl":{"start":{"line":118,"column":2},"end":{"line":118,"column":3}},"loc":{"start":{"line":118,"column":30},"end":{"line":135,"column":3}},"line":118},"6":{"name":"(anonymous_6)","decl":{"start":{"line":129,"column":32},"end":{"line":129,"column":33}},"loc":{"start":{"line":129,"column":44},"end":{"line":129,"column":62}},"line":129},"7":{"name":"(anonymous_7)","decl":{"start":{"line":138,"column":2},"end":{"line":138,"column":3}},"loc":{"start":{"line":138,"column":37},"end":{"line":142,"column":3}},"line":138},"8":{"name":"(anonymous_8)","decl":{"start":{"line":145,"column":2},"end":{"line":145,"column":3}},"loc":{"start":{"line":145,"column":12},"end":{"line":161,"column":3}},"line":145},"9":{"name":"(anonymous_9)","decl":{"start":{"line":150,"column":24},"end":{"line":150,"column":25}},"loc":{"start":{"line":150,"column":44},"end":{"line":152,"column":5}},"line":150}},"branchMap":{"0":{"loc":{"start":{"line":15,"column":4},"end":{"line":17,"column":5}},"type":"if","locations":[{"start":{"line":15,"column":4},"end":{"line":17,"column":5}},{"start":{},"end":{}}],"line":15},"1":{"loc":{"start":{"line":22,"column":4},"end":{"line":22,"column":25}},"type":"if","locations":[{"start":{"line":22,"column":4},"end":{"line":22,"column":25}},{"start":{},"end":{}}],"line":22},"2":{"loc":{"start":{"line":29,"column":6},"end":{"line":59,"column":7}},"type":"if","locations":[{"start":{"line":29,"column":6},"end":{"line":59,"column":7}},{"start":{"line":56,"column":13},"end":{"line":59,"column":7}}],"line":29},"3":{"loc":{"start":{"line":29,"column":10},"end":{"line":29,"column":34}},"type":"binary-expr","locations":[{"start":{"line":29,"column":10},"end":{"line":29,"column":19}},{"start":{"line":29,"column":23},"end":{"line":29,"column":34}}],"line":29},"4":{"loc":{"start":{"line":34,"column":8},"end":{"line":36,"column":9}},"type":"if","locations":[{"start":{"line":34,"column":8},"end":{"line":36,"column":9}},{"start":{},"end":{}}],"line":34},"5":{"loc":{"start":{"line":40,"column":8},"end":{"line":55,"column":9}},"type":"if","locations":[{"start":{"line":40,"column":8},"end":{"line":55,"column":9}},{"start":{},"end":{}}],"line":40},"6":{"loc":{"start":{"line":46,"column":10},"end":{"line":54,"column":11}},"type":"if","locations":[{"start":{"line":46,"column":10},"end":{"line":54,"column":11}},{"start":{},"end":{}}],"line":46},"7":{"loc":{"start":{"line":46,"column":14},"end":{"line":48,"column":54}},"type":"binary-expr","locations":[{"start":{"line":46,"column":14},"end":{"line":46,"column":54}},{"start":{"line":47,"column":14},"end":{"line":47,"column":54}},{"start":{"line":48,"column":14},"end":{"line":48,"column":54}}],"line":46},"8":{"loc":{"start":{"line":56,"column":13},"end":{"line":59,"column":7}},"type":"if","locations":[{"start":{"line":56,"column":13},"end":{"line":59,"column":7}},{"start":{},"end":{}}],"line":56},"9":{"loc":{"start":{"line":69,"column":4},"end":{"line":102,"column":5}},"type":"if","locations":[{"start":{"line":69,"column":4},"end":{"line":102,"column":5}},{"start":{"line":81,"column":11},"end":{"line":102,"column":5}}],"line":69},"10":{"loc":{"start":{"line":81,"column":11},"end":{"line":102,"column":5}},"type":"if","locations":[{"start":{"line":81,"column":11},"end":{"line":102,"column":5}},{"start":{"line":93,"column":11},"end":{"line":102,"column":5}}],"line":81},"11":{"loc":{"start":{"line":120,"column":4},"end":{"line":134,"column":5}},"type":"if","locations":[{"start":{"line":120,"column":4},"end":{"line":134,"column":5}},{"start":{},"end":{}}],"line":120},"12":{"loc":{"start":{"line":125,"column":6},"end":{"line":125,"column":51}},"type":"if","locations":[{"start":{"line":125,"column":6},"end":{"line":125,"column":51}},{"start":{},"end":{}}],"line":125},"13":{"loc":{"start":{"line":127,"column":6},"end":{"line":133,"column":7}},"type":"if","locations":[{"start":{"line":127,"column":6},"end":{"line":133,"column":7}},{"start":{},"end":{}}],"line":127},"14":{"loc":{"start":{"line":128,"column":8},"end":{"line":132,"column":9}},"type":"if","locations":[{"start":{"line":128,"column":8},"end":{"line":132,"column":9}},{"start":{"line":130,"column":15},"end":{"line":132,"column":9}}],"line":128},"15":{"loc":{"start":{"line":139,"column":4},"end":{"line":141,"column":5}},"type":"if","locations":[{"start":{"line":139,"column":4},"end":{"line":141,"column":5}},{"start":{},"end":{}}],"line":139},"16":{"loc":{"start":{"line":147,"column":4},"end":{"line":147,"column":25}},"type":"if","locations":[{"start":{"line":147,"column":4},"end":{"line":147,"column":25}},{"start":{},"end":{}}],"line":147},"17":{"loc":{"start":{"line":157,"column":4},"end":{"line":160,"column":5}},"type":"if","locations":[{"start":{"line":157,"column":4},"end":{"line":160,"column":5}},{"start":{},"end":{}}],"line":157}},"s":{"0":0,"1":0,"2":0,"3":0,"4":0,"5":0,"6":0,"7":0,"8":0,"9":0,"10":0,"11":0,"12":0,"13":0,"14":0,"15":0,"16":0,"17":0,"18":0,"19":0,"20":0,"21":0,"22":0,"23":0,"24":0,"25":0,"26":0,"27":0,"28":0,"29":0,"30":0,"31":0,"32":0,"33":0,"34":0,"35":0,"36":0,"37":0,"38":0,"39":0,"40":0,"41":0,"42":0,"43":0,"44":0,"45":0,"46":0,"47":0,"48":0,"49":0,"50":0,"51":0,"52":0,"53":0,"54":0,"55":0,"56":0,"57":0,"58":0,"59":0,"60":0,"61":0,"62":0,"63":0,"64":0,"65":0,"66":0},"f":{"0":0,"1":0,"2":0,"3":0,"4":0,"5":0,"6":0,"7":0,"8":0,"9":0},"b":{"0":[0,0],"1":[0,0],"2":[0,0],"3":[0,0],"4":[0,0],"5":[0,0],"6":[0,0],"7":[0,0,0],"8":[0,0],"9":[0,0],"10":[0,0],"11":[0,0],"12":[0,0],"13":[0,0],"14":[0,0],"15":[0,0],"16":[0,0],"17":[0,0]}}
,"/home/cam/play/codejam/manifest/src/loaders/ModelLoader.js": {"path":"/home/cam/play/codejam/manifest/src/loaders/ModelLoader.js","statementMap":{"0":{"start":{"line":6,"column":4},"end":{"line":6,"column":39}},"1":{"start":{"line":7,"column":4},"end":{"line":7,"column":51}},"2":{"start":{"line":8,"column":4},"end":{"line":8,"column":34}},"3":{"start":{"line":9,"column":4},"end":{"line":9,"column":36}},"4":{"start":{"line":13,"column":4},"end":{"line":15,"column":5}},"5":{"start":{"line":14,"column":6},"end":{"line":14,"column":52}},"6":{"start":{"line":17,"column":4},"end":{"line":33,"column":7}},"7":{"start":{"line":18,"column":6},"end":{"line":32,"column":8}},"8":{"start":{"line":21,"column":24},"end":{"line":21,"column":34}},"9":{"start":{"line":22,"column":10},"end":{"line":22,"column":48}},"10":{"start":{"line":23,"column":10},"end":{"line":23,"column":33}},"11":{"start":{"line":26,"column":10},"end":{"line":26,"column":107}},"12":{"start":{"line":29,"column":10},"end":{"line":29,"column":66}},"13":{"start":{"line":30,"column":10},"end":{"line":30,"column":24}},"14":{"start":{"line":37,"column":4},"end":{"line":39,"column":5}},"15":{"start":{"line":38,"column":6},"end":{"line":38,"column":48}},"16":{"start":{"line":41,"column":4},"end":{"line":56,"column":7}},"17":{"start":{"line":42,"column":6},"end":{"line":55,"column":8}},"18":{"start":{"line":45,"column":10},"end":{"line":45,"column":54}},"19":{"start":{"line":46,"column":10},"end":{"line":46,"column":27}},"20":{"start":{"line":49,"column":10},"end":{"line":49,"column":111}},"21":{"start":{"line":52,"column":10},"end":{"line":52,"column":70}},"22":{"start":{"line":53,"column":10},"end":{"line":53,"column":24}},"23":{"start":{"line":65,"column":8},"end":{"line":65,"column":15}},"24":{"start":{"line":67,"column":17},"end":{"line":67,"column":51}},"25":{"start":{"line":68,"column":4},"end":{"line":68,"column":46}},"26":{"start":{"line":69,"column":4},"end":{"line":69,"column":41}},"27":{"start":{"line":70,"column":4},"end":{"line":70,"column":24}},"28":{"start":{"line":79,"column":8},"end":{"line":79,"column":15}},"29":{"start":{"line":81,"column":19},"end":{"line":81,"column":51}},"30":{"start":{"line":82,"column":4},"end":{"line":82,"column":25}},"31":{"start":{"line":83,"column":4},"end":{"line":83,"column":27}},"32":{"start":{"line":84,"column":20},"end":{"line":84,"column":43}},"33":{"start":{"line":85,"column":4},"end":{"line":85,"column":66}},"34":{"start":{"line":86,"column":4},"end":{"line":86,"column":42}},"35":{"start":{"line":88,"column":20},"end":{"line":88,"column":51}},"36":{"start":{"line":89,"column":4},"end":{"line":89,"column":48}},"37":{"start":{"line":90,"column":4},"end":{"line":90,"column":19}},"38":{"start":{"line":95,"column":4},"end":{"line":95,"column":30}},"39":{"start":{"line":96,"column":4},"end":{"line":96,"column":32}}},"fnMap":{"0":{"name":"(anonymous_0)","decl":{"start":{"line":5,"column":2},"end":{"line":5,"column":3}},"loc":{"start":{"line":5,"column":16},"end":{"line":10,"column":3}},"line":5},"1":{"name":"(anonymous_1)","decl":{"start":{"line":12,"column":2},"end":{"line":12,"column":3}},"loc":{"start":{"line":12,"column":38},"end":{"line":34,"column":3}},"line":12},"2":{"name":"(anonymous_2)","decl":{"start":{"line":17,"column":23},"end":{"line":17,"column":24}},"loc":{"start":{"line":17,"column":44},"end":{"line":33,"column":5}},"line":17},"3":{"name":"(anonymous_3)","decl":{"start":{"line":20,"column":8},"end":{"line":20,"column":9}},"loc":{"start":{"line":20,"column":18},"end":{"line":24,"column":9}},"line":20},"4":{"name":"(anonymous_4)","decl":{"start":{"line":25,"column":8},"end":{"line":25,"column":9}},"loc":{"start":{"line":25,"column":22},"end":{"line":27,"column":9}},"line":25},"5":{"name":"(anonymous_5)","decl":{"start":{"line":28,"column":8},"end":{"line":28,"column":9}},"loc":{"start":{"line":28,"column":19},"end":{"line":31,"column":9}},"line":28},"6":{"name":"(anonymous_6)","decl":{"start":{"line":36,"column":2},"end":{"line":36,"column":3}},"loc":{"start":{"line":36,"column":44},"end":{"line":57,"column":3}},"line":36},"7":{"name":"(anonymous_7)","decl":{"start":{"line":41,"column":23},"end":{"line":41,"column":24}},"loc":{"start":{"line":41,"column":44},"end":{"line":56,"column":5}},"line":41},"8":{"name":"(anonymous_8)","decl":{"start":{"line":44,"column":8},"end":{"line":44,"column":9}},"loc":{"start":{"line":44,"column":21},"end":{"line":47,"column":9}},"line":44},"9":{"name":"(anonymous_9)","decl":{"start":{"line":48,"column":8},"end":{"line":48,"column":9}},"loc":{"start":{"line":48,"column":22},"end":{"line":50,"column":9}},"line":48},"10":{"name":"(anonymous_10)","decl":{"start":{"line":51,"column":8},"end":{"line":51,"column":9}},"loc":{"start":{"line":51,"column":19},"end":{"line":54,"column":9}},"line":51},"11":{"name":"(anonymous_11)","decl":{"start":{"line":60,"column":2},"end":{"line":60,"column":3}},"loc":{"start":{"line":60,"column":48},"end":{"line":71,"column":3}},"line":60},"12":{"name":"(anonymous_12)","decl":{"start":{"line":74,"column":2},"end":{"line":74,"column":3}},"loc":{"start":{"line":74,"column":52},"end":{"line":91,"column":3}},"line":74},"13":{"name":"(anonymous_13)","decl":{"start":{"line":94,"column":2},"end":{"line":94,"column":3}},"loc":{"start":{"line":94,"column":15},"end":{"line":97,"column":3}},"line":94}},"branchMap":{"0":{"loc":{"start":{"line":13,"column":4},"end":{"line":15,"column":5}},"type":"if","locations":[{"start":{"line":13,"column":4},"end":{"line":15,"column":5}},{"start":{},"end":{}}],"line":13},"1":{"loc":{"start":{"line":37,"column":4},"end":{"line":39,"column":5}},"type":"if","locations":[{"start":{"line":37,"column":4},"end":{"line":39,"column":5}},{"start":{},"end":{}}],"line":37},"2":{"loc":{"start":{"line":60,"column":34},"end":{"line":60,"column":46}},"type":"default-arg","locations":[{"start":{"line":60,"column":44},"end":{"line":60,"column":46}}],"line":60},"3":{"loc":{"start":{"line":62,"column":6},"end":{"line":62,"column":47}},"type":"default-arg","locations":[{"start":{"line":62,"column":17},"end":{"line":62,"column":47}}],"line":62},"4":{"loc":{"start":{"line":63,"column":6},"end":{"line":63,"column":65}},"type":"default-arg","locations":[{"start":{"line":63,"column":17},"end":{"line":63,"column":65}}],"line":63},"5":{"loc":{"start":{"line":64,"column":6},"end":{"line":64,"column":34}},"type":"default-arg","locations":[{"start":{"line":64,"column":14},"end":{"line":64,"column":34}}],"line":64},"6":{"loc":{"start":{"line":74,"column":38},"end":{"line":74,"column":50}},"type":"default-arg","locations":[{"start":{"line":74,"column":48},"end":{"line":74,"column":50}}],"line":74},"7":{"loc":{"start":{"line":76,"column":6},"end":{"line":76,"column":16}},"type":"default-arg","locations":[{"start":{"line":76,"column":14},"end":{"line":76,"column":16}}],"line":76},"8":{"loc":{"start":{"line":77,"column":6},"end":{"line":77,"column":17}},"type":"default-arg","locations":[{"start":{"line":77,"column":15},"end":{"line":77,"column":17}}],"line":77},"9":{"loc":{"start":{"line":78,"column":6},"end":{"line":78,"column":22}},"type":"default-arg","locations":[{"start":{"line":78,"column":14},"end":{"line":78,"column":22}}],"line":78}},"s":{"0":0,"1":0,"2":0,"3":0,"4":0,"5":0,"6":0,"7":0,"8":0,"9":0,"10":0,"11":0,"12":0,"13":0,"14":0,"15":0,"16":0,"17":0,"18":0,"19":0,"20":0,"21":0,"22":0,"23":0,"24":0,"25":0,"26":0,"27":0,"28":0,"29":0,"30":0,"31":0,"32":0,"33":0,"34":0,"35":0,"36":0,"37":0,"38":0,"39":0},"f":{"0":0,"1":0,"2":0,"3":0,"4":0,"5":0,"6":0,"7":0,"8":0,"9":0,"10":0,"11":0,"12":0,"13":0},"b":{"0":[0,0],"1":[0,0],"2":[0],"3":[0],"4":[0],"5":[0],"6":[0],"7":[0],"8":[0],"9":[0]}}
,"/home/cam/play/codejam/manifest/src/utils/InputManager.js": {"path":"/home/cam/play/codejam/manifest/src/utils/InputManager.js","statementMap":{"0":{"start":{"line":12,"column":4},"end":{"line":12,"column":12}},"1":{"start":{"line":13,"column":4},"end":{"line":13,"column":29}},"2":{"start":{"line":14,"column":4},"end":{"line":14,"column":35}},"3":{"start":{"line":15,"column":4},"end":{"line":15,"column":41}},"4":{"start":{"line":16,"column":4},"end":{"line":16,"column":33}},"5":{"start":{"line":20,"column":26},"end":{"line":20,"column":59}},"6":{"start":{"line":21,"column":30},"end":{"line":21,"column":83}},"7":{"start":{"line":23,"column":4},"end":{"line":27,"column":5}},"8":{"start":{"line":24,"column":6},"end":{"line":24,"column":55}},"9":{"start":{"line":25,"column":6},"end":{"line":25,"column":70}},"10":{"start":{"line":26,"column":6},"end":{"line":26,"column":18}},"11":{"start":{"line":28,"column":4},"end":{"line":28,"column":17}},"12":{"start":{"line":32,"column":4},"end":{"line":41,"column":5}},"13":{"start":{"line":33,"column":28},"end":{"line":33,"column":61}},"14":{"start":{"line":34,"column":32},"end":{"line":34,"column":85}},"15":{"start":{"line":36,"column":6},"end":{"line":40,"column":7}},"16":{"start":{"line":37,"column":8},"end":{"line":37,"column":54}},"17":{"start":{"line":38,"column":8},"end":{"line":38,"column":64}},"18":{"start":{"line":39,"column":8},"end":{"line":39,"column":20}},"19":{"start":{"line":42,"column":4},"end":{"line":42,"column":17}},"20":{"start":{"line":48,"column":4},"end":{"line":48,"column":39}},"21":{"start":{"line":49,"column":4},"end":{"line":49,"column":37}},"22":{"start":{"line":50,"column":4},"end":{"line":50,"column":27}},"23":{"start":{"line":51,"column":4},"end":{"line":51,"column":38}},"24":{"start":{"line":52,"column":4},"end":{"line":52,"column":29}},"25":{"start":{"line":53,"column":4},"end":{"line":53,"column":24}},"26":{"start":{"line":54,"column":4},"end":{"line":54,"column":24}},"27":{"start":{"line":55,"column":4},"end":{"line":55,"column":29}},"28":{"start":{"line":58,"column":4},"end":{"line":58,"column":20}},"29":{"start":{"line":59,"column":4},"end":{"line":59,"column":20}},"30":{"start":{"line":60,"column":4},"end":{"line":60,"column":29}},"31":{"start":{"line":61,"column":4},"end":{"line":61,"column":41}},"32":{"start":{"line":62,"column":4},"end":{"line":62,"column":39}},"33":{"start":{"line":63,"column":4},"end":{"line":63,"column":29}},"34":{"start":{"line":66,"column":4},"end":{"line":66,"column":31}},"35":{"start":{"line":67,"column":4},"end":{"line":67,"column":27}},"36":{"start":{"line":68,"column":4},"end":{"line":68,"column":31}},"37":{"start":{"line":71,"column":4},"end":{"line":71,"column":54}},"38":{"start":{"line":72,"column":4},"end":{"line":72,"column":50}},"39":{"start":{"line":73,"column":4},"end":{"line":73,"column":57}},"40":{"start":{"line":74,"column":4},"end":{"line":74,"column":71}},"41":{"start":{"line":75,"column":4},"end":{"line":75,"column":51}},"42":{"start":{"line":76,"column":4},"end":{"line":76,"column":45}},"43":{"start":{"line":77,"column":4},"end":{"line":77,"column":49}},"44":{"start":{"line":79,"column":4},"end":{"line":79,"column":31}},"45":{"start":{"line":83,"column":19},"end":{"line":83,"column":56}},"46":{"start":{"line":86,"column":4},"end":{"line":86,"column":70}},"47":{"start":{"line":89,"column":4},"end":{"line":89,"column":70}},"48":{"start":{"line":90,"column":4},"end":{"line":90,"column":66}},"49":{"start":{"line":93,"column":4},"end":{"line":93,"column":70}},"50":{"start":{"line":93,"column":50},"end":{"line":93,"column":68}},"51":{"start":{"line":96,"column":4},"end":{"line":96,"column":66}},"52":{"start":{"line":101,"column":4},"end":{"line":101,"column":32}},"53":{"start":{"line":102,"column":4},"end":{"line":102,"column":32}},"54":{"start":{"line":105,"column":4},"end":{"line":105,"column":72}},"55":{"start":{"line":106,"column":4},"end":{"line":106,"column":74}},"56":{"start":{"line":109,"column":4},"end":{"line":109,"column":28}},"57":{"start":{"line":112,"column":4},"end":{"line":114,"column":5}},"58":{"start":{"line":113,"column":6},"end":{"line":113,"column":37}},"59":{"start":{"line":118,"column":4},"end":{"line":118,"column":28}},"60":{"start":{"line":121,"column":4},"end":{"line":125,"column":5}},"61":{"start":{"line":122,"column":6},"end":{"line":122,"column":33}},"62":{"start":{"line":123,"column":11},"end":{"line":125,"column":5}},"63":{"start":{"line":124,"column":6},"end":{"line":124,"column":32}},"64":{"start":{"line":129,"column":4},"end":{"line":129,"column":29}},"65":{"start":{"line":131,"column":4},"end":{"line":133,"column":5}},"66":{"start":{"line":132,"column":6},"end":{"line":132,"column":36}},"67":{"start":{"line":138,"column":4},"end":{"line":152,"column":5}},"68":{"start":{"line":140,"column":6},"end":{"line":142,"column":7}},"69":{"start":{"line":141,"column":8},"end":{"line":141,"column":20}},"70":{"start":{"line":143,"column":6},"end":{"line":143,"column":12}},"71":{"start":{"line":145,"column":6},"end":{"line":147,"column":7}},"72":{"start":{"line":146,"column":8},"end":{"line":146,"column":20}},"73":{"start":{"line":148,"column":6},"end":{"line":148,"column":12}},"74":{"start":{"line":150,"column":6},"end":{"line":150,"column":28}},"75":{"start":{"line":151,"column":6},"end":{"line":151,"column":12}},"76":{"start":{"line":156,"column":4},"end":{"line":156,"column":65}},"77":{"start":{"line":157,"column":4},"end":{"line":157,"column":63}},"78":{"start":{"line":158,"column":4},"end":{"line":158,"column":28}},"79":{"start":{"line":161,"column":4},"end":{"line":161,"column":46}},"80":{"start":{"line":162,"column":4},"end":{"line":162,"column":35}},"81":{"start":{"line":166,"column":4},"end":{"line":166,"column":63}},"82":{"start":{"line":169,"column":17},"end":{"line":169,"column":69}},"83":{"start":{"line":170,"column":16},"end":{"line":170,"column":68}},"84":{"start":{"line":171,"column":18},"end":{"line":171,"column":71}},"85":{"start":{"line":172,"column":19},"end":{"line":172,"column":72}},"86":{"start":{"line":175,"column":4},"end":{"line":175,"column":47}},"87":{"start":{"line":176,"column":4},"end":{"line":176,"column":45}},"88":{"start":{"line":177,"column":4},"end":{"line":177,"column":49}},"89":{"start":{"line":178,"column":4},"end":{"line":178,"column":51}},"90":{"start":{"line":182,"column":4},"end":{"line":182,"column":36}},"91":{"start":{"line":182,"column":28},"end":{"line":182,"column":35}},"92":{"start":{"line":184,"column":4},"end":{"line":184,"column":29}},"93":{"start":{"line":185,"column":4},"end":{"line":185,"column":45}},"94":{"start":{"line":188,"column":25},"end":{"line":191,"column":5}},"95":{"start":{"line":193,"column":4},"end":{"line":199,"column":5}},"96":{"start":{"line":195,"column":6},"end":{"line":195,"column":40}},"97":{"start":{"line":198,"column":6},"end":{"line":198,"column":32}},"98":{"start":{"line":204,"column":22},"end":{"line":204,"column":41}},"99":{"start":{"line":205,"column":24},"end":{"line":205,"column":58}},"100":{"start":{"line":207,"column":4},"end":{"line":207,"column":31}},"101":{"start":{"line":207,"column":23},"end":{"line":207,"column":30}},"102":{"start":{"line":209,"column":22},"end":{"line":209,"column":33}},"103":{"start":{"line":210,"column":23},"end":{"line":210,"column":71}},"104":{"start":{"line":212,"column":4},"end":{"line":230,"column":5}},"105":{"start":{"line":214,"column":23},"end":{"line":214,"column":70}},"106":{"start":{"line":216,"column":6},"end":{"line":227,"column":7}},"107":{"start":{"line":218,"column":8},"end":{"line":220,"column":9}},"108":{"start":{"line":219,"column":10},"end":{"line":219,"column":32}},"109":{"start":{"line":222,"column":8},"end":{"line":222,"column":44}},"110":{"start":{"line":223,"column":8},"end":{"line":223,"column":47}},"111":{"start":{"line":224,"column":8},"end":{"line":224,"column":52}},"112":{"start":{"line":225,"column":13},"end":{"line":227,"column":7}},"113":{"start":{"line":226,"column":8},"end":{"line":226,"column":30}},"114":{"start":{"line":228,"column":11},"end":{"line":230,"column":5}},"115":{"start":{"line":229,"column":6},"end":{"line":229,"column":28}},"116":{"start":{"line":235,"column":17},"end":{"line":235,"column":69}},"117":{"start":{"line":236,"column":18},"end":{"line":236,"column":70}},"118":{"start":{"line":237,"column":16},"end":{"line":237,"column":68}},"119":{"start":{"line":238,"column":19},"end":{"line":238,"column":71}},"120":{"start":{"line":240,"column":23},"end":{"line":245,"column":5}},"121":{"start":{"line":248,"column":31},"end":{"line":248,"column":33}},"122":{"start":{"line":249,"column":4},"end":{"line":254,"column":7}},"123":{"start":{"line":250,"column":6},"end":{"line":253,"column":7}},"124":{"start":{"line":252,"column":8},"end":{"line":252,"column":42}},"125":{"start":{"line":257,"column":4},"end":{"line":259,"column":5}},"126":{"start":{"line":258,"column":6},"end":{"line":258,"column":28}},"127":{"start":{"line":262,"column":19},"end":{"line":262,"column":43}},"128":{"start":{"line":263,"column":4},"end":{"line":276,"column":5}},"129":{"start":{"line":264,"column":23},"end":{"line":264,"column":76}},"130":{"start":{"line":267,"column":23},"end":{"line":267,"column":76}},"131":{"start":{"line":268,"column":24},"end":{"line":268,"column":48}},"132":{"start":{"line":271,"column":6},"end":{"line":275,"column":7}},"133":{"start":{"line":273,"column":8},"end":{"line":273,"column":44}},"134":{"start":{"line":274,"column":8},"end":{"line":274,"column":47}},"135":{"start":{"line":278,"column":4},"end":{"line":278,"column":67}},"136":{"start":{"line":283,"column":4},"end":{"line":285,"column":5}},"137":{"start":{"line":284,"column":6},"end":{"line":284,"column":66}},"138":{"start":{"line":290,"column":4},"end":{"line":290,"column":51}},"139":{"start":{"line":290,"column":43},"end":{"line":290,"column":50}},"140":{"start":{"line":292,"column":22},"end":{"line":292,"column":41}},"141":{"start":{"line":293,"column":24},"end":{"line":293,"column":58}},"142":{"start":{"line":295,"column":4},"end":{"line":295,"column":31}},"143":{"start":{"line":295,"column":23},"end":{"line":295,"column":30}},"144":{"start":{"line":298,"column":24},"end":{"line":298,"column":70}},"145":{"start":{"line":299,"column":18},"end":{"line":299,"column":81}},"146":{"start":{"line":300,"column":24},"end":{"line":300,"column":43}},"147":{"start":{"line":302,"column":4},"end":{"line":302,"column":55}},"148":{"start":{"line":303,"column":4},"end":{"line":303,"column":59}},"149":{"start":{"line":306,"column":27},"end":{"line":306,"column":48}},"150":{"start":{"line":308,"column":4},"end":{"line":321,"column":5}},"151":{"start":{"line":309,"column":23},"end":{"line":309,"column":25}},"152":{"start":{"line":311,"column":6},"end":{"line":316,"column":7}},"153
[...]
ne":65,"column":26},"end":{"line":65,"column":50}},"22":{"start":{"line":66,"column":6},"end":{"line":66,"column":43}},"23":{"start":{"line":72,"column":4},"end":{"line":74,"column":5}},"24":{"start":{"line":73,"column":6},"end":{"line":73,"column":41}},"25":{"start":{"line":80,"column":4},"end":{"line":84,"column":5}},"26":{"start":{"line":81,"column":6},"end":{"line":83,"column":7}},"27":{"start":{"line":82,"column":8},"end":{"line":82,"column":43}},"28":{"start":{"line":87,"column":4},"end":{"line":108,"column":5}},"29":{"start":{"line":88,"column":32},"end":{"line":88,"column":80}},"30":{"start":{"line":90,"column":6},"end":{"line":107,"column":7}},"31":{"start":{"line":92,"column":8},"end":{"line":106,"column":9}},"32":{"start":{"line":93,"column":10},"end":{"line":93,"column":72}},"33":{"start":{"line":97,"column":23},"end":{"line":97,"column":26}},"34":{"start":{"line":98,"column":34},"end":{"line":98,"column":80}},"35":{"start":{"line":100,"column":10},"end":{"line":103,"column":11}},"36":{"start":{"line":102,"column":12},"end":{"line":102,"column":86}},"37":{"start":{"line":105,"column":10},"end":{"line":105,"column":69}},"38":{"start":{"line":113,"column":4},"end":{"line":113,"column":34}},"39":{"start":{"line":114,"column":4},"end":{"line":114,"column":83}},"40":{"start":{"line":114,"column":41},"end":{"line":114,"column":82}},"41":{"start":{"line":115,"column":4},"end":{"line":115,"column":77}},"42":{"start":{"line":115,"column":38},"end":{"line":115,"column":76}}},"fnMap":{"0":{"name":"(anonymous_0)","decl":{"start":{"line":5,"column":2},"end":{"line":5,"column":3}},"loc":{"start":{"line":5,"column":21},"end":{"line":9,"column":3}},"line":5},"1":{"name":"(anonymous_1)","decl":{"start":{"line":11,"column":2},"end":{"line":11,"column":3}},"loc":{"start":{"line":11,"column":20},"end":{"line":29,"column":3}},"line":11},"2":{"name":"(anonymous_2)","decl":{"start":{"line":32,"column":2},"end":{"line":32,"column":3}},"loc":{"start":{"line":32,"column":70},"end":{"line":50,"column":3}},"line":32},"3":{"name":"(anonymous_3)","decl":{"start":{"line":53,"column":2},"end":{"line":53,"column":3}},"loc":{"start":{"line":53,"column":50},"end":{"line":58,"column":3}},"line":53},"4":{"name":"(anonymous_4)","decl":{"start":{"line":61,"column":2},"end":{"line":61,"column":3}},"loc":{"start":{"line":61,"column":32},"end":{"line":68,"column":3}},"line":61},"5":{"name":"(anonymous_5)","decl":{"start":{"line":71,"column":2},"end":{"line":71,"column":3}},"loc":{"start":{"line":71,"column":27},"end":{"line":75,"column":3}},"line":71},"6":{"name":"(anonymous_6)","decl":{"start":{"line":78,"column":2},"end":{"line":78,"column":3}},"loc":{"start":{"line":78,"column":56},"end":{"line":109,"column":3}},"line":78},"7":{"name":"(anonymous_7)","decl":{"start":{"line":112,"column":2},"end":{"line":112,"column":3}},"loc":{"start":{"line":112,"column":12},"end":{"line":116,"column":3}},"line":112}},"branchMap":{"0":{"loc":{"start":{"line":32,"column":39},"end":{"line":32,"column":51}},"type":"default-arg","locations":[{"start":{"line":32,"column":48},"end":{"line":32,"column":51}}],"line":32},"1":{"loc":{"start":{"line":32,"column":53},"end":{"line":32,"column":68}},"type":"default-arg","locations":[{"start":{"line":32,"column":63},"end":{"line":32,"column":68}}],"line":32},"2":{"loc":{"start":{"line":38,"column":21},"end":{"line":38,"column":91}},"type":"cond-expr","locations":[{"start":{"line":38,"column":31},"end":{"line":38,"column":58}},{"start":{"line":38,"column":61},"end":{"line":38,"column":91}}],"line":38},"3":{"loc":{"start":{"line":55,"column":4},"end":{"line":57,"column":5}},"type":"if","locations":[{"start":{"line":55,"column":4},"end":{"line":57,"column":5}},{"start":{},"end":{}}],"line":55},"4":{"loc":{"start":{"line":63,"column":4},"end":{"line":67,"column":5}},"type":"if","locations":[{"start":{"line":63,"column":4},"end":{"line":67,"column":5}},{"start":{},"end":{}}],"line":63},"5":{"loc":{"start":{"line":65,"column":6},"end":{"line":65,"column":51}},"type":"if","locations":[{"start":{"line":65,"column":6},"end":{"line":65,"column":51}},{"start":{},"end":{}}],"line":65},"6":{"loc":{"start":{"line":81,"column":6},"end":{"line":83,"column":7}},"type":"if","locations":[{"start":{"line":81,"column":6},"end":{"line":83,"column":7}},{"start":{},"end":{}}],"line":81},"7":{"loc":{"start":{"line":90,"column":6},"end":{"line":107,"column":7}},"type":"if","locations":[{"start":{"line":90,"column":6},"end":{"line":107,"column":7}},{"start":{},"end":{}}],"line":90},"8":{"loc":{"start":{"line":92,"column":8},"end":{"line":106,"column":9}},"type":"if","locations":[{"start":{"line":92,"column":8},"end":{"line":106,"column":9}},{"start":{"line":94,"column":15},"end":{"line":106,"column":9}}],"line":92},"9":{"loc":{"start":{"line":100,"column":10},"end":{"line":103,"column":11}},"type":"if","locations":[{"start":{"line":100,"column":10},"end":{"line":103,"column":11}},{"start":{},"end":{}}],"line":100},"10":{"loc":{"start":{"line":100,"column":14},"end":{"line":100,"column":54}},"type":"binary-expr","locations":[{"start":{"line":100,"column":14},"end":{"line":100,"column":29}},{"start":{"line":100,"column":33},"end":{"line":100,"column":54}}],"line":100},"11":{"loc":{"start":{"line":114,"column":4},"end":{"line":114,"column":83}},"type":"if","locations":[{"start":{"line":114,"column":4},"end":{"line":114,"column":83}},{"start":{},"end":{}}],"line":114},"12":{"loc":{"start":{"line":115,"column":4},"end":{"line":115,"column":77}},"type":"if","locations":[{"start":{"line":115,"column":4},"end":{"line":115,"column":77}},{"start":{},"end":{}}],"line":115}},"s":{"0":0,"1":0,"2":0,"3":0,"4":0,"5":0,"6":0,"7":0,"8":0,"9":0,"10":0,"11":0,"12":0,"13":0,"14":0,"15":0,"16":0,"17":0,"18":0,"19":0,"20":0,"21":0,"22":0,"23":0,"24":0,"25":0,"26":0,"27":0,"28":0,"29":0,"30":0,"31":0,"32":0,"33":0,"34":0,"35":0,"36":0,"37":0,"38":0,"39":0,"40":0,"41":0,"42":0},"f":{"0":0,"1":0,"2":0,"3":0,"4":0,"5":0,"6":0,"7":0},"b":{"0":[0],"1":[0],"2":[0,0],"3":[0,0],"4":[0,0],"5":[0,0],"6":[0,0],"7":[0,0],"8":[0,0],"9":[0,0],"10":[0,0],"11":[0,0],"12":[0,0]}}
,"/home/cam/play/codejam/manifest/src/utils/pathfinding.js": {"path":"/home/cam/play/codejam/manifest/src/utils/pathfinding.js","statementMap":{"0":{"start":{"line":5,"column":4},"end":{"line":5,"column":23}},"1":{"start":{"line":9,"column":4},"end":{"line":9,"column":38}},"2":{"start":{"line":13,"column":4},"end":{"line":13,"column":43}},"3":{"start":{"line":14,"column":4},"end":{"line":14,"column":58}},"4":{"start":{"line":14,"column":33},"end":{"line":14,"column":56}},"5":{"start":{"line":18,"column":4},"end":{"line":18,"column":38}},"6":{"start":{"line":24,"column":4},"end":{"line":24,"column":23}},"7":{"start":{"line":25,"column":4},"end":{"line":25,"column":25}},"8":{"start":{"line":26,"column":4},"end":{"line":26,"column":31}},"9":{"start":{"line":27,"column":4},"end":{"line":27,"column":22}},"10":{"start":{"line":30,"column":4},"end":{"line":32,"column":5}},"11":{"start":{"line":31,"column":6},"end":{"line":31,"column":56}},"12":{"start":{"line":36,"column":4},"end":{"line":37,"column":55}},"13":{"start":{"line":41,"column":4},"end":{"line":41,"column":62}},"14":{"start":{"line":45,"column":21},"end":{"line":45,"column":29}},"15":{"start":{"line":46,"column":20},"end":{"line":56,"column":5}},"16":{"start":{"line":59,"column":4},"end":{"line":59,"column":75}},"17":{"start":{"line":59,"column":33},"end":{"line":59,"column":73}},"18":{"start":{"line":64,"column":23},"end":{"line":64,"column":57}},"19":{"start":{"line":65,"column":23},"end":{"line":65,"column":45}},"20":{"start":{"line":66,"column":16},"end":{"line":66,"column":33}},"21":{"start":{"line":67,"column":4},"end":{"line":67,"column":49}},"22":{"start":{"line":72,"column":16},"end":{"line":72,"column":45}},"23":{"start":{"line":73,"column":4},"end":{"line":73,"column":31}},"24":{"start":{"line":78,"column":4},"end":{"line":78,"column":54}},"25":{"start":{"line":83,"column":4},"end":{"line":83,"column":57}},"26":{"start":{"line":89,"column":4},"end":{"line":89,"column":21}},"27":{"start":{"line":94,"column":4},"end":{"line":94,"column":53}},"28":{"start":{"line":100,"column":4},"end":{"line":103,"column":5}},"29":{"start":{"line":101,"column":6},"end":{"line":101,"column":49}},"30":{"start":{"line":102,"column":6},"end":{"line":102,"column":16}},"31":{"start":{"line":105,"column":4},"end":{"line":108,"column":5}},"32":{"start":{"line":106,"column":6},"end":{"line":106,"column":48}},"33":{"start":{"line":107,"column":6},"end":{"line":107,"column":16}},"34":{"start":{"line":110,"column":21},"end":{"line":110,"column":40}},"35":{"start":{"line":111,"column":4},"end":{"line":111,"column":27}},"36":{"start":{"line":113,"column":21},"end":{"line":113,"column":23}},"37":{"start":{"line":114,"column":22},"end":{"line":114,"column":24}},"38":{"start":{"line":116,"column":4},"end":{"line":116,"column":45}},"39":{"start":{"line":117,"column":4},"end":{"line":117,"column":43}},"40":{"start":{"line":119,"column":4},"end":{"line":137,"column":5}},"41":{"start":{"line":120,"column":22},"end":{"line":120,"column":36}},"42":{"start":{"line":123,"column":6},"end":{"line":125,"column":7}},"43":{"start":{"line":124,"column":8},"end":{"line":124,"column":14}},"44":{"start":{"line":127,"column":6},"end":{"line":136,"column":7}},"45":{"start":{"line":128,"column":24},"end":{"line":128,"column":94}},"46":{"start":{"line":130,"column":8},"end":{"line":135,"column":9}},"47":{"start":{"line":131,"column":10},"end":{"line":131,"column":53}},"48":{"start":{"line":132,"column":27},"end":{"line":132,"column":63}},"49":{"start":{"line":133,"column":10},"end":{"line":133,"column":39}},"50":{"start":{"line":134,"column":10},"end":{"line":134,"column":52}},"51":{"start":{"line":140,"column":17},"end":{"line":140,"column":19}},"52":{"start":{"line":141,"column":18},"end":{"line":141,"column":22}},"53":{"start":{"line":143,"column":4},"end":{"line":146,"column":5}},"54":{"start":{"line":144,"column":6},"end":{"line":144,"column":35}},"55":{"start":{"line":145,"column":6},"end":{"line":145,"column":16}},"56":{"start":{"line":148,"column":4},"end":{"line":156,"column":5}},"57":{"start":{"line":149,"column":6},"end":{"line":149,"column":25}},"58":{"start":{"line":150,"column":6},"end":{"line":150,"column":54}},"59":{"start":{"line":152,"column":6},"end":{"line":155,"column":7}},"60":{"start":{"line":153,"column":8},"end":{"line":153,"column":52}},"61":{"start":{"line":154,"column":8},"end":{"line":154,"column":18}},"62":{"start":{"line":158,"column":4},"end":{"line":158,"column":21}},"63":{"start":{"line":159,"column":4},"end":{"line":159,"column":19}},"64":{"start":{"line":161,"column":4},"end":{"line":161,"column":16}},"65":{"start":{"line":167,"column":16},"end":{"line":167,"column":70}},"66":{"start":{"line":168,"column":16},"end":{"line":168,"column":70}},"67":{"start":{"line":169,"column":2},"end":{"line":169,"column":32}},"68":{"start":{"line":174,"column":17},"end":{"line":174,"column":75}},"69":{"start":{"line":175,"column":17},"end":{"line":175,"column":75}},"70":{"start":{"line":176,"column":2},"end":{"line":176,"column":40}}},"fnMap":{"0":{"name":"(anonymous_0)","decl":{"start":{"line":4,"column":2},"end":{"line":4,"column":3}},"loc":{"start":{"line":4,"column":16},"end":{"line":6,"column":3}},"line":4},"1":{"name":"(anonymous_1)","decl":{"start":{"line":8,"column":2},"end":{"line":8,"column":3}},"loc":{"start":{"line":8,"column":10},"end":{"line":10,"column":3}},"line":8},"2":{"name":"(anonymous_2)","decl":{"start":{"line":12,"column":2},"end":{"line":12,"column":3}},"loc":{"start":{"line":12,"column":22},"end":{"line":15,"column":3}},"line":12},"3":{"name":"(anonymous_3)","decl":{"start":{"line":14,"column":23},"end":{"line":14,"column":24}},"loc":{"start":{"line":14,"column":33},"end":{"line":14,"column":56}},"line":14},"4":{"name":"(anonymous_4)","decl":{"start":{"line":17,"column":2},"end":{"line":17,"column":3}},"loc":{"start":{"line":17,"column":8},"end":{"line":19,"column":3}},"line":17},"5":{"name":"(anonymous_5)","decl":{"start":{"line":23,"column":2},"end":{"line":23,"column":3}},"loc":{"start":{"line":23,"column":45},"end":{"line":33,"column":3}},"line":23},"6":{"name":"(anonymous_6)","decl":{"start":{"line":35,"column":2},"end":{"line":35,"column":3}},"loc":{"start":{"line":35,"column":21},"end":{"line":38,"column":3}},"line":35},"7":{"name":"(anonymous_7)","decl":{"start":{"line":40,"column":2},"end":{"line":40,"column":3}},"loc":{"start":{"line":40,"column":21},"end":{"line":42,"column":3}},"line":40},"8":{"name":"(anonymous_8)","decl":{"start":{"line":44,"column":2},"end":{"line":44,"column":3}},"loc":{"start":{"line":44,"column":22},"end":{"line":60,"column":3}},"line":44},"9":{"name":"(anonymous_9)","decl":{"start":{"line":59,"column":26},"end":{"line":59,"column":27}},"loc":{"start":{"line":59,"column":33},"end":{"line":59,"column":73}},"line":59},"10":{"name":"(anonymous_10)","decl":{"start":{"line":62,"column":2},"end":{"line":62,"column":3}},"loc":{"start":{"line":62,"column":17},"end":{"line":68,"column":3}},"line":62},"11":{"name":"(anonymous_11)","decl":{"start":{"line":71,"column":2},"end":{"line":71,"column":3}},"loc":{"start":{"line":71,"column":30},"end":{"line":74,"column":3}},"line":71},"12":{"name":"(anonymous_12)","decl":{"start":{"line":77,"column":2},"end":{"line":77,"column":3}},"loc":{"start":{"line":77,"column":24},"end":{"line":79,"column":3}},"line":77},"13":{"name":"(anonymous_13)","decl":{"start":{"line":82,"column":2},"end":{"line":82,"column":3}},"loc":{"start":{"line":82,"column":27},"end":{"line":84,"column":3}},"line":82},"14":{"name":"(anonymous_14)","decl":{"start":{"line":88,"column":2},"end":{"line":88,"column":3}},"loc":{"start":{"line":88,"column":20},"end":{"line":90,"column":3}},"line":88},"15":{"name":"(anonymous_15)","decl":{"start":{"line":93,"column":2},"end":{"line":93,"column":3}},"loc":{"start":{"line":93,"column":18},"end":{"line":95,"column":3}},"line":93},"16":{"name":"(anonymous_16)","decl":{"start":{"line":98,"column":2},"end":{"line":98,"column":3}},"loc":{"start":{"line":98,"column":24},"end":{"line":162,"column":3}},"line":98},"17":{"name":"worldToGrid","decl":{"start":{"line":166,"column":9},"end":{"line":166,"column":20}},"loc":{"start":{"line":166,"column":74},"end":{"line":170,"column":1}},"line":166},"18":{"name":"gridToWorld","decl":{"start":{"line":173,"column":9},"end":{"line":173,"column":20}},"loc":{"start":{"line":173,"column":73},"end":{"line":177,"column":1}},"line":173}},"branchMap":{"0":{"loc":{"start":{"line":23,"column":29},"end":{"line":23,"column":43}},"type":"default-arg","locations":[{"start":{"line":23,"column":41},"end":{"line":23,"column":43}}],"line":23},"1":{"loc":{"start":{"line":36,"column":11},"end":{"line":37,"column":54}},"type":"binary-expr","locations":[{"start":{"line":36,"column":11},"end":{"line":36,"column":26}},{"start":{"line":36,"column":30},"end":{"line":36,"column":53}},{"start":{"line":37,"column":11},"end":{"line":37,"column":26}},{"start":{"line":37,"column":30},"end":{"line":37,"column":54}}],"line":36},"2":{"loc":{"start":{"line":59,"column":33},"end":{"line":59,"column":73}},"type":"binary-expr","locations":[{"start":{"line":59,"column":33},"end":{"line":59,"column":51}},{"start":{"line":59,"column":55},"end":{"line":59,"column":73}}],"line":59},"3":{"loc":{"start":{"line":64,"column":23},"end":{"line":64,"column":57}},"type":"binary-expr","locations":[{"start":{"line":64,"column":23},"end":{"line":64,"column":38}},{"start":{"line":64,"column":42},"end":{"line":64,"column":57}}],"line":64},"4":{"loc":{"start":{"line":65,"column":23},"end":{"line":65,"column":45}},"type":"cond-expr","locations":[{"start":{"line":65,"column":36},"end":{"line":65,"column":39}},{"start":{"line":65,"column":42},"end":{"line":65,"column":45}}],"line":65},"5":{"loc":{"start":{"line":67,"column":25},"end":{"line":67,"column":47}},"type":"binary-expr","locations":[{"start":{"line":67,"column":25},"end":{"line":67,"column":42}},{"start":{"line":67,"column":46},"end":{"line":67,"column":47}}],"line":67},"6":{"loc":{"start":{"line":100,"column":4},"end":{"line":103,"column":5}},"type":"if","locations":[{"start":{"line":100,"column":4},"end":{"line":103,"column":5}},{"start":{},"end":{}}],"line":100},"7":{"loc":{"start":{"line":100,"column":8},"end":{"line":100,"column":64}},"type":"binary-expr","locations":[{"start":{"line":100,"column":8},"end":{"line":100,"column":34}},{"start":{"line":100,"column":38},"end":{"line":100,"column":64}}],"line":100},"8":{"loc":{"start":{"line":105,"column":4},"end":{"line":108,"column":5}},"type":"if","locations":[{"start":{"line":105,"column":4},"end":{"line":108,"column":5}},{"start":{},"end":{}}],"line":105},"9":{"loc":{"start":{"line":105,"column":8},"end":{"line":105,"column":62}},"type":"binary-expr","locations":[{"start":{"line":105,"column":8},"end":{"line":105,"column":33}},{"start":{"line":105,"column":37},"end":{"line":105,"column":62}}],"line":105},"10":{"loc":{"start":{"line":123,"column":6},"end":{"line":125,"column":7}},"type":"if","locations":[{"start":{"line":123,"column":6},"end":{"line":125,"column":7}},{"start":{},"end":{}}],"line":123},"11":{"loc":{"start":{"line":123,"column":10},"end":{"line":123,"column":54}},"type":"binary-expr","locations":[{"start":{"line":123,"column":10},"end":{"line":123,"column":30}},{"start":{"line":123,"column":34},"end":{"line":123,"column":54}}],"line":123},"12":{"loc":{"start":{"line":130,"column":8},"end":{"line":135,"column":9}},"type":"if","locations":[{"start":{"line":130,"column":8},"end":{"line":135,"column":9}},{"start":{},"end":{}}],"line":130},"13":{"loc":{"start":{"line":130,"column":12},"end":{"line":130,"column":104}},"type":"binary-expr","locations":[{"start":{"line":130,"column":12},"end":{"line":130,"column":58}},{"start":{"line":130,"column":62},"end":{"line":130,"column":104}}],"line":130},"14":{"loc":{"start":{"line":143,"column":4},"end":{"line":146,"column":5}},"type":"if","locations":[{"start":{"line":143,"column":4},"end":{"line":146,"column":5}},{"start":{},"end":{}}],"line":143},"15":{"loc":{"start":{"line":148,"column":13},"end":{"line":148,"column":59}},"type":"binary-expr","locations":[{"start":{"line":148,"column":13},"end":{"line":148,"column":34}},{"start":{"line":148,"column":38},"end":{"line":148,"column":59}}],"line":148},"16":{"loc":{"start":{"line":152,"column":6},"end":{"line":155,"column":7}},"type":"if","locations":[{"start":{"line":152,"column":6},"end":{"line":155,"column":7}},{"start":{},"end":{}}],"line":152},"17":{"loc":{"start":{"line":166,"column":45},"end":{"line":166,"column":72}},"type":"default-arg","locations":[{"start":{"line":166,"column":58},"end":{"line":166,"column":72}}],"line":166},"18":{"loc":{"start":{"line":173,"column":44},"end":{"line":173,"column":71}},"type":"default-arg","locations":[{"start":{"line":173,"column":57},"end":{"line":173,"column":71}}],"line":173}},"s":{"0":2,"1":10,"2":26,"3":26,"4":131,"5":10,"6":15,"7":15,"8":15,"9":15,"10":15,"11":2,"12":90,"13":70,"14":9,"15":9,"16":9,"17":72,"18":45,"19":45,"20":45,"21":45,"22":1,"23":1,"24":9,"25":1,"26":5,"27":26,"28":6,"29":2,"30":2,"31":4,"32":2,"33":2,"34":2,"35":2,"36":2,"37":2,"38":2,"39":2,"40":2,"41":10,"42":10,"43":2,"44":8,"45":41,"46":41,"47":24,"48":24,"49":24,"50":24,"51":2,"52":2,"53":2,"54":0,"55":0,"56":2,"57":6,"58":6,"59":6,"60":0,"61":0,"62":2,"63":2,"64":2,"65":2,"66":2,"67":2,"68":2,"69":2,"70":2},"f":{"0":2,"1":10,"2":26,"3":131,"4":10,"5":15,"6":90,"7":70,"8":9,"9":72,"10":45,"11":1,"12":9,"13":1,"14":5,"15":26,"16":6,"17":2,"18":2},"b":{"0":[14],"1":[90,76,74,64],"2":[72,51],"3":[45,32],"4":[21,24],"5":[45,44],"6":[2,4],"7":[6,5],"8":[2,2],"9":[4,3],"10":[2,8],"11":[10,2],"12":[24,17],"13":[41,18],"14":[0,2],"15":[8,2],"16":[0,6],"17":[1],"18":[1]},"_coverageSchema":"1a1c01bbd47fc00a2c39e90264f33305004495a9","hash":"22362c532536da213cec8a7db8bed43499de926d"}
}
