TN:
SF:src/core/EntityManager.js
FN:2,(anonymous_0)
FN:7,(anonymous_1)
FN:11,(anonymous_2)
FN:17,(anonymous_3)
FN:31,(anonymous_4)
FN:47,(anonymous_5)
FN:62,(anonymous_6)
FN:70,(anonymous_7)
FNF:8
FNH:8
FNDA:19,(anonymous_0)
FNDA:43,(anonymous_1)
FNDA:15,(anonymous_2)
FNDA:3,(anonymous_3)
FNDA:21,(anonymous_4)
FNDA:3,(anonymous_5)
FNDA:12,(anonymous_6)
FNDA:18,(anonymous_7)
DA:3,19
DA:4,19
DA:8,43
DA:12,15
DA:13,15
DA:14,15
DA:18,3
DA:21,2
DA:22,5
DA:23,5
DA:27,2
DA:28,2
DA:32,21
DA:33,20
DA:34,1
DA:35,1
DA:38,19
DA:39,19
DA:41,19
DA:42,19
DA:44,19
DA:48,3
DA:49,2
DA:51,1
DA:52,1
DA:54,1
DA:56,1
DA:57,1
DA:59,1
DA:63,12
DA:64,10
DA:66,9
DA:67,9
DA:71,18
DA:72,14
DA:74,14
DA:75,14
LF:37
LH:37
BRDA:18,0,0,1
BRDA:18,0,1,2
BRDA:22,1,0,5
BRDA:22,1,1,0
BRDA:32,2,0,1
BRDA:32,2,1,20
BRDA:33,3,0,1
BRDA:33,3,1,19
BRDA:48,4,0,1
BRDA:48,4,1,2
BRDA:49,5,0,1
BRDA:49,5,1,1
BRDA:52,6,0,0
BRDA:52,6,1,1
BRDA:63,7,0,2
BRDA:63,7,1,10
BRDA:64,8,0,1
BRDA:64,8,1,9
BRDA:71,9,0,4
BRDA:71,9,1,14
BRDA:72,10,0,0
BRDA:72,10,1,14
BRF:22
BRH:19
end_of_record
TN:
SF:src/core/GameLoop.js
FN:2,(anonymous_0)
FN:9,(anonymous_1)
FN:17,(anonymous_2)
FN:21,(anonymous_3)
FNF:4
FNH:4
FNDA:6,(anonymous_0)
FNDA:3,(anonymous_1)
FNDA:1,(anonymous_2)
FNDA:16,(anonymous_3)
DA:3,6
DA:4,6
DA:5,6
DA:6,6
DA:10,3
DA:11,2
DA:12,2
DA:13,2
DA:18,1
DA:22,16
DA:24,14
DA:25,14
DA:27,14
DA:28,14
DA:30,14
LF:15
LH:15
BRDA:10,0,0,2
BRDA:10,0,1,1
BRDA:22,1,0,2
BRDA:22,1,1,14
BRF:4
BRH:4
end_of_record
TN:
SF:src/core/GameState.js
FN:2,(anonymous_0)
FN:10,(anonymous_1)
FN:14,(anonymous_2)
FN:25,(anonymous_3)
FNF:4
FNH:4
FNDA:27,(anonymous_0)
FNDA:1,(anonymous_1)
FNDA:2,(anonymous_2)
FNDA:2,(anonymous_3)
DA:3,27
DA:4,27
DA:5,27
DA:6,27
DA:7,27
DA:11,1
DA:15,2
DA:26,2
DA:27,2
DA:28,2
DA:29,2
DA:30,2
LF:12
LH:12
BRF:0
BRH:0
end_of_record
TN:
SF:src/core/SaveSystem.js
FN:2,(anonymous_0)
FN:9,(anonymous_1)
FN:10,(anonymous_2)
FN:13,(anonymous_3)
FN:20,(anonymous_4)
FN:25,(anonymous_5)
FN:32,(anonymous_6)
FN:43,(anonymous_7)
FN:48,(anonymous_8)
FN:49,(anonymous_9)
FN:56,(anonymous_10)
FN:59,(anonymous_11)
FN:64,(anonymous_12)
FN:72,(anonymous_13)
FN:79,(anonymous_14)
FN:82,(anonymous_15)
FN:87,(anonymous_16)
FN:88,(anonymous_17)
FN:97,(anonymous_18)
FN:104,(anonymous_19)
FN:107,(anonymous_20)
FN:112,(anonymous_21)
FN:113,(anonymous_22)
FNF:23
FNH:13
FNDA:11,(anonymous_0)
FNDA:11,(anonymous_1)
FNDA:11,(anonymous_2)
FNDA:1,(anonymous_3)
FNDA:11,(anonymous_4)
FNDA:0,(anonymous_5)
FNDA:2,(anonymous_6)
FNDA:2,(anonymous_7)
FNDA:0,(anonymous_8)
FNDA:0,(anonymous_9)
FNDA:3,(anonymous_10)
FNDA:3,(anonymous_11)
FNDA:0,(anonymous_12)
FNDA:0,(anonymous_13)
FNDA:2,(anonymous_14)
FNDA:2,(anonymous_15)
FNDA:0,(anonymous_16)
FNDA:0,(anonymous_17)
FNDA:0,(anonymous_18)
FNDA:2,(anonymous_19)
FNDA:2,(anonymous_20)
FNDA:0,(anonymous_21)
FNDA:0,(anonymous_22)
DA:3,11
DA:4,11
DA:5,11
DA:6,11
DA:10,11
DA:11,11
DA:13,11
DA:14,1
DA:15,1
DA:16,1
DA:20,11
DA:21,11
DA:22,11
DA:25,11
DA:26,0
DA:27,0
DA:33,2
DA:35,2
DA:43,2
DA:44,2
DA:45,2
DA:46,2
DA:48,2
DA:49,2
DA:50,0
DA:51,0
DA:57,3
DA:59,3
DA:60,3
DA:61,3
DA:62,3
DA:64,3
DA:65,0
DA:66,0
DA:68,0
DA:72,3
DA:73,0
DA:74,0
DA:80,2
DA:82,2
DA:83,2
DA:84,2
DA:85,2
DA:87,2
DA:88,0
DA:94,0
DA:97,2
DA:98,0
DA:99,0
DA:105,2
DA:107,2
DA:108,2
DA:109,2
DA:110,2
DA:112,2
DA:113,2
DA:114,0
DA:115,0
LF:58
LH:43
BRDA:15,0,0,1
BRDA:15,0,1,0
BRDA:32,1,0,0
BRDA:33,2,0,0
BRDA:33,2,1,2
BRDA:57,3,0,0
BRDA:57,3,1,3
BRDA:65,4,0,0
BRDA:65,4,1,0
BRDA:80,5,0,0
BRDA:80,5,1,2
BRDA:105,6,0,0
BRDA:105,6,1,2
BRF:13
BRH:5
end_of_record
TN:
SF:src/core/SceneManager.js
FN:4,(anonymous_0)
FN:31,(anonymous_1)
FN:40,(anonymous_2)
FN:42,(anonymous_3)
FN:48,(anonymous_4)
FN:55,(anonymous_5)
FN:63,(anonymous_6)
FN:85,(anonymous_7)
FN:97,(anonymous_8)
FN:102,(anonymous_9)
FN:134,(anonymous_10)
FN:138,(anonymous_11)
FNF:12
FNH:0
FNDA:0,(anonymous_0)
FNDA:0,(anonymous_1)
FNDA:0,(anonymous_2)
FNDA:0,(anonymous_3)
FNDA:0,(anonymous_4)
FNDA:0,(anonymous_5)
FNDA:0,(anonymous_6)
FNDA:0,(anonymous_7)
FNDA:0,(anonymous_8)
FNDA:0,(anonymous_9)
FNDA:0,(anonymous_10)
FNDA:0,(anonymous_11)
DA:5,0
DA:6,0
DA:7,0
DA:8,0
DA:11,0
DA:12,0
DA:16,0
DA:27,0
DA:28,0
DA:32,0
DA:33,0
DA:34,0
DA:35,0
DA:37,0
DA:42,0
DA:43,0
DA:44,0
DA:48,0
DA:49,0
DA:50,0
DA:56,0
DA:58,0
DA:59,0
DA:60,0
DA:64,0
DA:66,0
DA:73,0
DA:74,0
DA:76,0
DA:79,0
DA:81,0
DA:82,0
DA:86,0
DA:87,0
DA:88,0
DA:91,0
DA:92,0
DA:93,0
DA:94,0
DA:98,0
DA:99,0
DA:103,0
DA:105,0
DA:106,0
DA:109,0
DA:110,0
DA:111,0
DA:112,0
DA:115,0
DA:116,0
DA:117,0
DA:118,0
DA:122,0
DA:123,0
DA:126,0
DA:127,0
DA:130,0
DA:131,0
DA:135,0
DA:139,0
DA:142,0
DA:144,0
DA:145,0
LF:63
LH:0
BRDA:43,0,0,0
BRDA:43,0,1,0
BRDA:49,1,0,0
BRDA:49,1,1,0
BRDA:56,2,0,0
BRDA:56,2,1,0
BRDA:63,3,0,0
BRDA:67,4,0,0
BRDA:67,4,1,0
BRDA:69,5,0,0
BRDA:69,5,1,0
BRDA:70,6,0,0
BRDA:70,6,1,0
BRDA:73,7,0,0
BRDA:73,7,1,0
BRDA:86,8,0,0
BRDA:86,8,1,0
BRDA:98,9,0,0
BRDA:98,9,1,0
BRDA:103,10,0,0
BRDA:103,10,1,0
BRDA:109,11,0,0
BRDA:109,11,1,0
BRDA:109,12,0,0
BRDA:109,12,1,0
BRDA:110,13,0,0
BRDA:110,13,1,0
BRDA:110,14,0,0
BRDA:110,14,1,0
BRDA:111,15,0,0
BRDA:111,15,1,0
BRDA:111,16,0,0
BRDA:111,16,1,0
BRDA:112,17,0,0
BRDA:112,17,1,0
BRDA:112,18,0,0
BRDA:112,18,1,0
BRDA:115,19,0,0
BRDA:115,19,1,0
BRDA:115,20,0,0
BRDA:115,20,1,0
BRDA:139,21,0,0
BRDA:139,21,1,0
BRF:43
BRH:0
end_of_record
TN:
SF:src/entities/components/HealthComponent.js
FN:2,(anonymous_0)
FN:6,(anonymous_1)
FN:16,(anonymous_2)
FN:20,(anonymous_3)
FN:24,(anonymous_4)
FN:29,(anonymous_5)
FN:34,(anonymous_6)
FNF:7
FNH:7
FNDA:15,(anonymous_0)
FNDA:13,(anonymous_1)
FNDA:2,(anonymous_2)
FNDA:5,(anonymous_3)
FNDA:8,(anonymous_4)
FNDA:2,(anonymous_5)
FNDA:2,(anonymous_6)
DA:3,15
DA:7,13
DA:17,2
DA:21,5
DA:25,8
DA:30,2
DA:35,2
LF:7
LH:7
BRDA:8,0,0,13
BRDA:8,0,1,3
BRDA:9,1,0,13
BRDA:9,1,1,6
BRDA:9,1,2,3
BRDA:10,2,0,13
BRDA:10,2,1,9
BRDA:11,3,0,13
BRDA:11,3,1,11
BRDA:12,4,0,13
BRDA:12,4,1,11
BRF:11
BRH:11
end_of_record
TN:
SF:src/entities/components/PositionComponent.js
FN:2,(anonymous_0)
FN:6,(anonymous_1)
FN:15,(anonymous_2)
FN:19,(anonymous_3)
FN:23,(anonymous_4)
FN:28,(anonymous_5)
FN:33,(anonymous_6)
FNF:7
FNH:7
FNDA:14,(anonymous_0)
FNDA:13,(anonymous_1)
FNDA:2,(anonymous_2)
FNDA:7,(anonymous_3)
FNDA:11,(anonymous_4)
FNDA:2,(anonymous_5)
FNDA:2,(anonymous_6)
DA:3,14
DA:7,13
DA:16,2
DA:20,7
DA:24,11
DA:29,2
DA:34,2
LF:7
LH:7
BRDA:8,0,0,13
BRDA:8,0,1,5
BRDA:9,1,0,13
BRDA:9,1,1,10
BRDA:10,2,0,13
BRDA:10,2,1,5
BRDA:11,3,0,13
BRDA:11,3,1,10
BRF:8
BRH:8
end_of_record
TN:
SF:src/entities/components/RenderComponent.js
FN:2,(anonymous_0)
FN:6,(anonymous_1)
FN:16,(anonymous_2)
FN:20,(anonymous_3)
FN:24,(anonymous_4)
FN:29,(anonymous_5)
FN:34,(anonymous_6)
FNF:7
FNH:7
FNDA:15,(anonymous_0)
FNDA:13,(anonymous_1)
FNDA:2,(anonymous_2)
FNDA:5,(anonymous_3)
FNDA:8,(anonymous_4)
FNDA:2,(anonymous_5)
FNDA:2,(anonymous_6)
DA:3,15
DA:7,13
DA:17,2
DA:21,5
DA:25,8
DA:30,2
DA:35,2
LF:7
LH:7
BRDA:9,0,0,3
BRDA:9,0,1,10
BRDA:10,1,0,13
BRDA:10,1,1,8
BRDA:11,2,0,13
BRDA:11,2,1,7
BRDA:12,3,0,13
BRDA:12,3,1,11
BRF:8
BRH:8
end_of_record
TN:
SF:src/entities/systems/MovementSystem.js
FN:2,(anonymous_0)
FN:7,(anonymous_1)
FN:11,(anonymous_2)
FN:24,(anonymous_3)
FN:29,(anonymous_4)
FN:31,(anonymous_5)
FN:69,(anonymous_6)
FN:74,(anonymous_7)
FNF:8
FNH:7
FNDA:17,(anonymous_0)
FNDA:0,(anonymous_1)
FNDA:13,(anonymous_2)
FNDA:5,(anonymous_3)
FNDA:6,(anonymous_4)
FNDA:6,(anonymous_5)
FNDA:2,(anonymous_6)
FNDA:2,(anonymous_7)
DA:3,17
DA:4,17
DA:13,13
DA:14,12
DA:19,12
DA:21,1
DA:26,5
DA:31,6
DA:32,6
DA:34,6
DA:36,2
DA:37,2
DA:40,4
DA:43,4
DA:44,4
DA:45,4
DA:47,4
DA:49,1
DA:50,1
DA:51,1
DA:52,1
DA:56,3
DA:57,3
DA:60,3
DA:61,3
DA:64,3
DA:70,2
DA:75,2
LF:28
LH:28
BRDA:13,0,0,12
BRDA:13,0,1,1
BRDA:16,1,0,12
BRDA:16,1,1,4
BRDA:34,2,0,2
BRDA:34,2,1,4
BRDA:47,3,0,1
BRDA:47,3,1,3
BRF:8
BRH:8
end_of_record
TN:
SF:src/entities/systems/RenderSystem.js
FN:5,(anonymous_0)
FN:13,(anonymous_1)
FN:20,(anonymous_2)
FN:25,(anonymous_3)
FN:63,(anonymous_4)
FN:118,(anonymous_5)
FN:129,(anonymous_6)
FN:138,(anonymous_7)
FN:145,(anonymous_8)
FN:150,(anonymous_9)
FNF:10
FNH:0
FNDA:0,(anonymous_0)
FNDA:0,(anonymous_1)
FNDA:0,(anonymous_2)
FNDA:0,(anonymous_3)
FNDA:0,(anonymous_4)
FNDA:0,(anonymous_5)
FNDA:0,(anonymous_6)
FNDA:0,(anonymous_7)
FNDA:0,(anonymous_8)
FNDA:0,(anonymous_9)
DA:6,0
DA:7,0
DA:8,0
DA:9,0
DA:10,0
DA:14,0
DA:15,0
DA:16,0
DA:21,0
DA:22,0
DA:25,0
DA:26,0
DA:27,0
DA:29,0
DA:30,0
DA:31,0
DA:34,0
DA:35,0
DA:39,0
DA:40,0
DA:41,0
DA:42,0
DA:43,0
DA:46,0
DA:49,0
DA:56,0
DA:58,0
DA:69,0
DA:71,0
DA:72,0
DA:77,0
DA:80,0
DA:81,0
DA:83,0
DA:84,0
DA:89,0
DA:92,0
DA:95,0
DA:96,0
DA:101,0
DA:105,0
DA:112,0
DA:113,0
DA:115,0
DA:119,0
DA:120,0
DA:121,0
DA:122,0
DA:125,0
DA:127,0
DA:128,0
DA:129,0
DA:131,0
DA:139,0
DA:140,0
DA:146,0
DA:147,0
DA:150,0
DA:151,0
DA:154,0
DA:157,0
DA:158,0
DA:159,0
LF:63
LH:0
BRDA:15,0,0,0
BRDA:15,0,1,0
BRDA:22,1,0,0
BRDA:22,1,1,0
BRDA:29,2,0,0
BRDA:29,2,1,0
BRDA:29,3,0,0
BRDA:29,3,1,0
BRDA:34,4,0,0
BRDA:34,4,1,0
BRDA:40,5,0,0
BRDA:40,5,1,0
BRDA:46,6,0,0
BRDA:46,6,1,0
BRDA:46,7,0,0
BRDA:46,7,1,0
BRDA:46,7,2,0
BRDA:56,8,0,0
BRDA:56,8,1,0
BRDA:69,9,0,0
BRDA:69,9,1,0
BRDA:81,10,0,0
BRDA:81,10,1,0
BRDA:120,11,0,0
BRDA:120,11,1,0
BRDA:125,12,0,0
BRDA:125,12,1,0
BRDA:127,13,0,0
BRDA:127,13,1,0
BRDA:128,14,0,0
BRDA:128,14,1,0
BRDA:139,15,0,0
BRDA:139,15,1,0
BRDA:147,16,0,0
BRDA:147,16,1,0
BRDA:157,17,0,0
BRDA:157,17,1,0
BRF:37
BRH:0
end_of_record
TN:
SF:src/loaders/ModelLoader.js
FN:5,(anonymous_0)
FN:12,(anonymous_1)
FN:17,(anonymous_2)
FN:20,(anonymous_3)
FN:25,(anonymous_4)
FN:28,(anonymous_5)
FN:36,(anonymous_6)
FN:41,(anonymous_7)
FN:44,(anonymous_8)
FN:48,(anonymous_9)
FN:51,(anonymous_10)
FN:60,(anonymous_11)
FN:74,(anonymous_12)
FN:94,(anonymous_13)
FNF:14
FNH:0
FNDA:0,(anonymous_0)
FNDA:0,(anonymous_1)
FNDA:0,(anonymous_2)
FNDA:0,(anonymous_3)
FNDA:0,(anonymous_4)
FNDA:0,(anonymous_5)
FNDA:0,(anonymous_6)
FNDA:0,(anonymous_7)
FNDA:0,(anonymous_8)
FNDA:0,(anonymous_9)
FNDA:0,(anonymous_10)
FNDA:0,(anonymous_11)
FNDA:0,(anonymous_12)
FNDA:0,(anonymous_13)
DA:6,0
DA:7,0
DA:8,0
DA:9,0
DA:13,0
DA:14,0
DA:17,0
DA:18,0
DA:21,0
DA:22,0
DA:23,0
DA:26,0
DA:29,0
DA:30,0
DA:37,0
DA:38,0
DA:41,0
DA:42,0
DA:45,0
DA:46,0
DA:49,0
DA:52,0
DA:53,0
DA:65,0
DA:67,0
DA:68,0
DA:69,0
DA:70,0
DA:79,0
DA:81,0
DA:82,0
DA:83,0
DA:84,0
DA:85,0
DA:86,0
DA:88,0
DA:89,0
DA:90,0
DA:95,0
DA:96,0
LF:40
LH:0
BRDA:13,0,0,0
BRDA:13,0,1,0
BRDA:37,1,0,0
BRDA:37,1,1,0
BRDA:60,2,0,0
BRDA:62,3,0,0
BRDA:63,4,0,0
BRDA:64,5,0,0
BRDA:74,6,0,0
BRDA:76,7,0,0
BRDA:77,8,0,0
BRDA:78,9,0,0
BRF:12
BRH:0
end_of_record
TN:
SF:src/utils/InputManager.js
FN:5,(anonymous_0)
FN:6,(anonymous_1)
FN:7,(anonymous_2)
FN:11,(anonymous_3)
FN:19,(anonymous_4)
FN:31,(anonymous_5)
FN:47,(anonymous_6)
FN:82,(anonymous_7)
FN:93,(anonymous_8)
FN:99,(anonymous_9)
FN:117,(anonymous_10)
FN:128,(anonymous_11)
FN:136,(anonymous_12)
FN:155,(anonymous_13)
FN:165,(anonymous_14)
FN:181,(anonymous_15)
FN:202,(anonymous_16)
FN:233,(anonymous_17)
FN:249,(anonymous_18)
FN:281,(anonymous_19)
FN:288,(anonymous_20)
FN:324,(anonymous_21)
FN:368,(anonymous_22)
FN:379,(anonymous_23)
FN:394,(anonymous_24)
FN:405,(anonymous_25)
FN:415,(anonymous_26)
FN:429,(anonymous_27)
FN:444,(anonymous_28)
FNF:29
FNH:0
FNDA:0,(anonymous_0)
FNDA:0,(anonymous_1)
FNDA:0,(anonymous_2)
FNDA:0,(anonymous_3)
FNDA:0,(anonymous_4)
FNDA:0,(anonymous_5)
FNDA:0,(anonymous_6)
FNDA:0,(anonymous_7)
FNDA:0,(anonymous_8)
FNDA:0,(anonymous_9)
FNDA:0,(anonymous_10)
FNDA:0,(anonymous_11)
FNDA:0,(anonymous_12)
FNDA:0,(anonymous_13)
FNDA:0,(anonymous_14)
FNDA:0,(anonymous_15)
FNDA:0,(anonymous_16)
FNDA:0,(anonymous_17)
FNDA:0,(anonymous_18)
FNDA:0,(anonymous_19)
FNDA:0,(anonymous_20)
FNDA:0,(anonymous_21)
FNDA:0,(anonymous_22)
FNDA:0,(anonymous_23)
FNDA:0,(anonymous_24)
FNDA:0,(anonymous_25)
FNDA:0,(anonymous_26)
FNDA:0,(anonymous_27)
FNDA:0,(anonymous_28)
DA:12,0
DA:13,0
DA:14,0
DA:15,0
DA:16,0
DA:20,0
DA:21,0
DA:23,0
DA:24,0
DA:25,0
DA:26,0
DA:28,0
DA:32,0
DA:33,0
DA:34,0
DA:36,0
DA:37,0
DA:38,0
DA:39,0
DA:42,0
DA:48,0
DA:49,0
DA:50,0
DA:51,0
DA:52,0
DA:53,0
DA:54,0
DA:55,0
DA:58,0
DA:59,0
DA:60,0
DA:61,0
DA:62,0
DA:63,0
DA:66,0
DA:67,0
DA:68,0
DA:71,0
DA:72,0
DA:73,0
DA:74,0
DA:75,0
DA:76,0
DA:77,0
DA:79,0
DA:83,0
DA:86,0
DA:89,0
DA:90,0
DA:93,0
DA:96,0
DA:101,0
DA:102,0
DA:105,0
DA:106,0
DA:109,0
DA:112,0
DA:113,0
DA:118,0
DA:121,0
DA:122,0
DA:123,0
DA:124,0
DA:129,0
DA:131,0
DA:132,0
DA:138,0
DA:140,0
DA:141,0
DA:143,0
DA:145,0
DA:146,0
DA:148,0
DA:150,0
DA:151,0
DA:156,0
DA:157,0
DA:158,0
DA:161,0
DA:162,0
DA:166,0
DA:169,0
DA:170,0
DA:171,0
DA:172,0
DA:175,0
DA:176,0
DA:177,0
DA:178,0
DA:182,0
DA:184,0
DA:185,0
DA:188,0
DA:193,0
DA:195,0
DA:198,0
DA:204,0
DA:205,0
DA:207,0
DA:209,0
DA:210,0
DA:212,0
DA:214,0
DA:216,0
DA:218,0
DA:219,0
DA:222,0
DA:223,0
DA:224,0
DA:225,0
DA:226,0
DA:228,0
DA:229,0
DA:235,0
DA:236,0
DA:237,0
DA:238,0
DA:240,0
DA:248,0
DA:249,0
DA:250,0
DA:252,0
DA:257,0
DA:258,0
DA:262,0
DA:263,0
DA:264,0
DA:267,0
DA:268,0
DA:271,0
DA:273,0
DA:274,0
DA:278,0
DA:283,0
DA:284,0
DA:290,0
DA:292,0
DA:293,0
DA:295,0
DA:298,0
DA:299,0
DA:300,0
DA:302,0
DA:303,0
DA:306,0
DA:308,0
DA:309,0
DA:311,0
DA:312,0
DA:313,0
DA:314,0
DA:318,0
DA:319,0
DA:326,0
DA:327,0
DA:329,0
DA:330,0
DA:331,0
DA:332,0
DA:333,0
DA:334,0
DA:337,0
DA:338,0
DA:339,0
DA:340,0
DA:341,0
DA:342,0
DA:346,0
DA:347,0
DA:348,0
DA:349,0
DA:352,0
DA:354,0
DA:355,0
DA:356,0
DA:358,0
DA:359,0
DA:362,0
DA:363,0
DA:369,0
DA:370,0
DA:373,0
DA:374,0
DA:376,0
DA:381,0
DA:383,0
DA:384,0
DA:385,0
DA:386,0
DA:391,0
DA:395,0
DA:398,0
DA:399,0
DA:402,0
DA:406,0
DA:407,0
DA:410,0
DA:411,0
DA:416,0
DA:418,0
DA:421,0
DA:422,0
DA:425,0
DA:426,0
DA:430,0
DA:432,0
DA:435,0
DA:436,0
DA:439,0
DA:440,0
DA:445,0
DA:446,0
DA:447,0
DA:448,0
DA:450,0
DA:452,0
LF:216
LH:0
BRDA:23,0,0,0
BRDA:23,0,1,0
BRDA:32,1,0,0
BRDA:32,1,1,0
BRDA:36,2,0,0
BRDA:36,2,1,0
BRDA:112,3,0,0
BRDA:112,3,1,0
BRDA:121,4,0,0
BRDA:121,4,1,0
BRDA:123,5,0,0
BRDA:123,5,1,0
BRDA:131,6,0,0
BRDA:131,6,1,0
BRDA:138,7,0,0
BRDA:138,7,1,0
BRDA:138,7,2,0
BRDA:140,8,0,0
BRDA:140,8,1,0
BRDA:140,9,0,0
BRDA:140,9,1,0
BRDA:145,10,0,0
BRDA:145,10,1,0
BRDA:145,11,0,0
BRDA:145,11,1,0
BRDA:182,12,0,0
BRDA:182,12,1,0
BRDA:193,13,0,0
BRDA:193,13,1,0
BRDA:207,14,0,0
BRDA:207,14,1,0
BRDA:212,15,0,0
BRDA:212,15,1,0
BRDA:216,16,0,0
BRDA:216,16,1,0
BRDA:218,17,0,0
BRDA:218,17,1,0
BRDA:225,18,0,0
BRDA:225,18,1,0
BRDA:228,19,0,0
BRDA:228,19,1,0
BRDA:250,20,0,0
BRDA:250,20,1,0
BRDA:250,21,0,0
BRDA:250,21,1,0
BRDA:257,22,0,0
BRDA:257,22,1,0
BRDA:271,23,0,0
BRDA:271,23,1,0
BRDA:271,24,0,0
BRDA:271,24,1,0
BRDA:271,24,2,0
BRDA:271,24,3,0
BRDA:283,25,0,0
BRDA:283,25,1,0
BRDA:290,26,0,0
BRDA:290,26,1,0
BRDA:295,27,0,0
BRDA:295,27,1,0
BRDA:308,28,0,0
BRDA:308,28,1,0
BRDA:313,29,0,0
BRDA:313,29,1,0
BRDA:318,30,0,0
BRDA:318,30,1,0
BRDA:329,31,0,0
BRDA:329,31,1,0
BRDA:332,32,0,0
BRDA:332,32,1,0
BRDA:337,33,0,0
BRDA:337,33,1,0
BRDA:340,34,0,0
BRDA:340,34,1,0
BRDA:346,35,0,0
BRDA:346,35,1,0
BRDA:346,36,0,0
BRDA:346,36,1,0
BRDA:352,37,0,0
BRDA:352,37,1,0
BRDA:355,38,0,0
BRDA:355,38,1,0
BRDA:369,39,0,0
BRDA:369,39,1,0
BRDA:383,40,0,0
BRDA:383,40,1,0
BRDA:385,41,0,0
BRDA:385,41,1,0
BRDA:385,42,0,0
BRDA:385,42,1,0
BRDA:398,43,0,0
BRDA:398,43,1,0
BRDA:410,44,0,0
BRDA:410,44,1,0
BRDA:416,45,0,0
BRDA:416,45,1,0
BRDA:430,46,0,0
BRDA:430,46,1,0
BRDA:446,47,0,0
BRDA:446,47,1,0
BRDA:447,48,0,0
BRDA:447,48,1,0
BRF:101
BRH:0
end_of_record
TN:
SF:src/utils/SelectionIndicator.js
FN:5,(anonymous_0)
FN:11,(anonymous_1)
FN:32,(anonymous_2)
FN:53,(anonymous_3)
FN:61,(anonymous_4)
FN:71,(anonymous_5)
FN:78,(anonymous_6)
FN:112,(anonymous_7)
FNF:8
FNH:0
FNDA:0,(anonymous_0)
FNDA:0,(anonymous_1)
FNDA:0,(anonymous_2)
FNDA:0,(anonymous_3)
FNDA:0,(anonymous_4)
FNDA:0,(anonymous_5)
FNDA:0,(anonymous_6)
FNDA:0,(anonymous_7)
DA:6,0
DA:7,0
DA:8,0
DA:13,0
DA:22,0
DA:34,0
DA:37,0
DA:38,0
DA:39,0
DA:42,0
DA:43,0
DA:46,0
DA:47,0
DA:49,0
DA:54,0
DA:55,0
DA:56,0
DA:62,0
DA:63,0
DA:64,0
DA:65,0
DA:66,0
DA:72,0
DA:73,0
DA:80,0
DA:81,0
DA:82,0
DA:87,0
DA:88,0
DA:90,0
DA:92,0
DA:93,0
DA:97,0
DA:98,0
DA:100,0
DA:102,0
DA:105,0
DA:113,0
DA:114,0
DA:115,0
LF:40
LH:0
BRDA:32,0,0,0
BRDA:32,1,0,0
BRDA:38,2,0,0
BRDA:38,2,1,0
BRDA:55,3,0,0
BRDA:55,3,1,0
BRDA:63,4,0,0
BRDA:63,4,1,0
BRDA:65,5,0,0
BRDA:65,5,1,0
BRDA:81,6,0,0
BRDA:81,6,1,0
BRDA:90,7,0,0
BRDA:90,7,1,0
BRDA:92,8,0,0
BRDA:92,8,1,0
BRDA:100,9,0,0
BRDA:100,9,1,0
BRDA:100,10,0,0
BRDA:100,10,1,0
BRDA:114,11,0,0
BRDA:114,11,1,0
BRDA:115,12,0,0
BRDA:115,12,1,0
BRF:24
BRH:0
end_of_record
TN:
SF:src/utils/pathfinding.js
FN:4,(anonymous_0)
FN:8,(anonymous_1)
FN:12,(anonymous_2)
FN:14,(anonymous_3)
FN:17,(anonymous_4)
FN:23,(anonymous_5)
FN:35,(anonymous_6)
FN:40,(anonymous_7)
FN:44,(anonymous_8)
FN:59,(anonymous_9)
FN:62,(anonymous_10)
FN:71,(anonymous_11)
FN:77,(anonymous_12)
FN:82,(anonymous_13)
FN:88,(anonymous_14)
FN:93,(anonymous_15)
FN:98,(anonymous_16)
FN:166,worldToGrid
FN:173,gridToWorld
FNF:19
FNH:19
FNDA:2,(anonymous_0)
FNDA:10,(anonymous_1)
FNDA:26,(anonymous_2)
FNDA:131,(anonymous_3)
FNDA:10,(anonymous_4)
FNDA:15,(anonymous_5)
FNDA:90,(anonymous_6)
FNDA:70,(anonymous_7)
FNDA:9,(anonymous_8)
FNDA:72,(anonymous_9)
FNDA:45,(anonymous_10)
FNDA:1,(anonymous_11)
FNDA:9,(anonymous_12)
FNDA:1,(anonymous_13)
FNDA:5,(anonymous_14)
FNDA:26,(anonymous_15)
FNDA:6,(anonymous_16)
FNDA:2,worldToGrid
FNDA:2,gridToWorld
DA:5,2
DA:9,10
DA:13,26
DA:14,131
DA:18,10
DA:24,15
DA:25,15
DA:26,15
DA:27,15
DA:30,15
DA:31,2
DA:36,90
DA:41,70
DA:45,9
DA:46,9
DA:59,72
DA:64,45
DA:65,45
DA:66,45
DA:67,45
DA:72,1
DA:73,1
DA:78,9
DA:83,1
DA:89,5
DA:94,26
DA:100,6
DA:101,2
DA:102,2
DA:105,4
DA:106,2
DA:107,2
DA:110,2
DA:111,2
DA:113,2
DA:114,2
DA:116,2
DA:117,2
DA:119,2
DA:120,10
DA:123,10
DA:124,2
DA:127,8
DA:128,41
DA:130,41
DA:131,24
DA:132,24
DA:133,24
DA:134,24
DA:140,2
DA:141,2
DA:143,2
DA:144,0
DA:145,0
DA:148,2
DA:149,6
DA:150,6
DA:152,6
DA:153,0
DA:154,0
DA:158,2
DA:159,2
DA:161,2
DA:167,2
DA:168,2
DA:169,2
DA:174,2
DA:175,2
DA:176,2
LF:69
LH:65
BRDA:23,0,0,14
BRDA:36,1,0,90
BRDA:36,1,1,76
BRDA:36,1,2,74
BRDA:36,1,3,64
BRDA:59,2,0,72
BRDA:59,2,1,51
BRDA:64,3,0,45
BRDA:64,3,1,32
BRDA:65,4,0,21
BRDA:65,4,1,24
BRDA:67,5,0,45
BRDA:67,5,1,44
BRDA:100,6,0,2
BRDA:100,6,1,4
BRDA:100,7,0,6
BRDA:100,7,1,5
BRDA:105,8,0,2
BRDA:105,8,1,2
BRDA:105,9,0,4
BRDA:105,9,1,3
BRDA:123,10,0,2
BRDA:123,10,1,8
BRDA:123,11,0,10
BRDA:123,11,1,2
BRDA:130,12,0,24
BRDA:130,12,1,17
BRDA:130,13,0,41
BRDA:130,13,1,18
BRDA:143,14,0,0
BRDA:143,14,1,2
BRDA:148,15,0,8
BRDA:148,15,1,2
BRDA:152,16,0,0
BRDA:152,16,1,6
BRDA:166,17,0,1
BRDA:173,18,0,1
BRF:37
BRH:35
end_of_record
